[2021-05-14 22:24:23,734: INFO/MainProcess] Connected to amqp://coin_user:**@127.0.0.1:5672/coin_fetcher
[2021-05-14 22:24:23,748: INFO/MainProcess] mingle: searching for neighbors
[2021-05-14 22:24:24,779: INFO/MainProcess] mingle: all alone
[2021-05-14 22:24:24,800: INFO/MainProcess] bittrexWorker@h ready.
[2021-05-14 22:24:26,173: INFO/MainProcess] sync with bitfinexWorker@h
[2021-05-14 22:24:44,012: INFO/MainProcess] Received task: celery_tasks.bittrex_fetchOHLCV_task[65c4ac8f-5bcb-4849-945e-8d6802dcfbe7]  
[2021-05-14 22:24:44,092: WARNING/ForkPoolWorker-7] === Fetching OHLCVs for symbol 1INCH-BTC
[2021-05-14 22:24:44,092: WARNING/ForkPoolWorker-7] === Fetching OHLCVs for symbol 1INCH-ETH
[2021-05-14 22:24:44,093: WARNING/ForkPoolWorker-7] === Fetching OHLCVs for symbol 1INCH-USDT
[2021-05-14 22:24:44,093: WARNING/ForkPoolWorker-7] === Fetching OHLCVs for symbol 4ART-BTC
[2021-05-14 22:24:44,093: WARNING/ForkPoolWorker-7] === Fetching OHLCVs for symbol 4ART-USDT
[2021-05-14 22:24:44,093: WARNING/ForkPoolWorker-7] === Fetching OHLCVs for symbol AAPL-BTC
[2021-05-14 22:24:44,093: WARNING/ForkPoolWorker-7] === Fetching OHLCVs for symbol AAPL-USD
[2021-05-14 22:24:44,093: WARNING/ForkPoolWorker-7] === Fetching OHLCVs for symbol AAPL-USDT
[2021-05-14 22:24:44,093: WARNING/ForkPoolWorker-7] === Fetching OHLCVs for symbol AAVE-BTC
[2021-05-14 22:24:44,093: WARNING/ForkPoolWorker-7] === Fetching OHLCVs for symbol AAVE-ETH
[2021-05-14 22:24:44,093: WARNING/ForkPoolWorker-7] === Fetching OHLCVs for symbol AAVE-EUR
[2021-05-14 22:24:44,093: WARNING/ForkPoolWorker-7] === Fetching OHLCVs for symbol AAVE-USD
[2021-05-14 22:24:44,093: WARNING/ForkPoolWorker-7] === Fetching OHLCVs for symbol AAVE-USDT
[2021-05-14 22:24:44,094: WARNING/ForkPoolWorker-7] === Fetching OHLCVs for symbol ABBC-BTC
[2021-05-14 22:24:44,094: WARNING/ForkPoolWorker-7] === Fetching OHLCVs for symbol ABNB-BTC
[2021-05-14 22:24:44,094: WARNING/ForkPoolWorker-7] === Fetching OHLCVs for symbol ABNB-USD
[2021-05-14 22:24:44,094: WARNING/ForkPoolWorker-7] === Fetching OHLCVs for symbol ABNB-USDT
[2021-05-14 22:24:44,094: WARNING/ForkPoolWorker-7] === Fetching OHLCVs for symbol ABYSS-BTC
[2021-05-14 22:24:44,094: WARNING/ForkPoolWorker-7] === Fetching OHLCVs for symbol ACB-BTC
[2021-05-14 22:24:44,094: WARNING/ForkPoolWorker-7] === Fetching OHLCVs for symbol ACB-USD
[2021-05-14 22:24:44,094: WARNING/ForkPoolWorker-7] === Fetching OHLCVs for symbol ACB-USDT
[2021-05-14 22:24:44,094: WARNING/ForkPoolWorker-7] === Fetching OHLCVs for symbol ACXT-USDT
[2021-05-14 22:24:44,094: WARNING/ForkPoolWorker-7] === Fetching OHLCVs for symbol ADABEAR-USD
[2021-05-14 22:24:44,094: WARNING/ForkPoolWorker-7] === Fetching OHLCVs for symbol ADABEAR-USDT
[2021-05-14 22:24:44,094: WARNING/ForkPoolWorker-7] === Fetching OHLCVs for symbol ADA-BTC
[2021-05-14 22:24:44,095: WARNING/ForkPoolWorker-7] === Fetching OHLCVs for symbol ADABULL-USD
[2021-05-14 22:24:44,095: WARNING/ForkPoolWorker-7] === Fetching OHLCVs for symbol ADABULL-USDT
[2021-05-14 22:24:44,095: WARNING/ForkPoolWorker-7] === Fetching OHLCVs for symbol ADA-ETH
[2021-05-14 22:24:44,095: WARNING/ForkPoolWorker-7] === Fetching OHLCVs for symbol ADA-EUR
[2021-05-14 22:24:44,095: WARNING/ForkPoolWorker-7] === Fetching OHLCVs for symbol ADA-USD
[2021-05-14 22:24:44,095: WARNING/ForkPoolWorker-7] === Fetching OHLCVs for symbol ADA-USDT
[2021-05-14 22:24:44,095: WARNING/ForkPoolWorker-7] === Fetching OHLCVs for symbol ADK-BTC
[2021-05-14 22:24:44,095: WARNING/ForkPoolWorker-7] === Fetching OHLCVs for symbol ADT-BTC
[2021-05-14 22:24:44,095: WARNING/ForkPoolWorker-7] === Fetching OHLCVs for symbol ADX-BTC
[2021-05-14 22:24:44,095: WARNING/ForkPoolWorker-7] === Fetching OHLCVs for symbol ADX-ETH
[2021-05-14 22:24:44,096: WARNING/ForkPoolWorker-7] === Fetching OHLCVs for symbol AEON-BTC
[2021-05-14 22:24:44,096: WARNING/ForkPoolWorker-7] === Fetching OHLCVs for symbol AGRS-BTC
[2021-05-14 22:24:44,096: WARNING/ForkPoolWorker-7] === Fetching OHLCVs for symbol AGRS-USDT
[2021-05-14 22:24:44,096: WARNING/ForkPoolWorker-7] === Fetching OHLCVs for symbol AID-BTC
[2021-05-14 22:24:44,096: WARNING/ForkPoolWorker-7] === Fetching OHLCVs for symbol AKN-BTC
[2021-05-14 22:24:44,096: WARNING/ForkPoolWorker-7] === Fetching OHLCVs for symbol AKN-USDT
[2021-05-14 22:24:44,096: WARNING/ForkPoolWorker-7] === Fetching OHLCVs for symbol AKRO-BTC
[2021-05-14 22:24:44,096: WARNING/ForkPoolWorker-7] === Fetching OHLCVs for symbol ALGO-BTC
[2021-05-14 22:24:44,096: WARNING/ForkPoolWorker-7] === Fetching OHLCVs for symbol ALGO-USD
[2021-05-14 22:24:44,096: WARNING/ForkPoolWorker-7] === Fetching OHLCVs for symbol ALGO-USDT
[2021-05-14 22:24:44,096: WARNING/ForkPoolWorker-7] === Fetching OHLCVs for symbol AMC-BTC
[2021-05-14 22:24:44,096: WARNING/ForkPoolWorker-7] === Fetching OHLCVs for symbol AMC-USD
[2021-05-14 22:24:44,097: WARNING/ForkPoolWorker-7] === Fetching OHLCVs for symbol AMC-USDT
[2021-05-14 22:24:44,097: WARNING/ForkPoolWorker-7] === Fetching OHLCVs for symbol AMD-BTC
[2021-05-14 22:24:44,097: WARNING/ForkPoolWorker-7] === Fetching OHLCVs for symbol AMD-USD
[2021-05-14 22:24:44,097: WARNING/ForkPoolWorker-7] === Fetching OHLCVs for symbol AMD-USDT
[2021-05-14 22:24:44,097: WARNING/ForkPoolWorker-7] === Fetching OHLCVs for symbol AMP-BTC
[2021-05-14 22:24:44,097: WARNING/ForkPoolWorker-7] === Fetching OHLCVs for symbol AMZN-BTC
[2021-05-14 22:24:44,097: WARNING/ForkPoolWorker-7] === Fetching OHLCVs for symbol AMZN-USD
[2021-05-14 22:24:44,097: WARNING/ForkPoolWorker-7] === Fetching OHLCVs for symbol AMZN-USDT
[2021-05-14 22:24:44,097: WARNING/ForkPoolWorker-7] === Fetching OHLCVs for symbol ANKR-BTC
[2021-05-14 22:24:44,097: WARNING/ForkPoolWorker-7] === Fetching OHLCVs for symbol ANKR-ETH
[2021-05-14 22:24:44,097: WARNING/ForkPoolWorker-7] === Fetching OHLCVs for symbol ANT-BTC
[2021-05-14 22:24:44,098: WARNING/ForkPoolWorker-7] === Fetching OHLCVs for symbol ANT-ETH
[2021-05-14 22:24:44,098: WARNING/ForkPoolWorker-7] === Fetching OHLCVs for symbol APHA-BTC
[2021-05-14 22:24:44,098: WARNING/ForkPoolWorker-7] === Fetching OHLCVs for symbol APHA-USD
[2021-05-14 22:24:44,098: WARNING/ForkPoolWorker-7] === Fetching OHLCVs for symbol APHA-USDT
[2021-05-14 22:24:44,098: WARNING/ForkPoolWorker-7] === Fetching OHLCVs for symbol APM-BTC
[2021-05-14 22:24:44,098: WARNING/ForkPoolWorker-7] === Fetching OHLCVs for symbol APM-USDT
[2021-05-14 22:24:44,098: WARNING/ForkPoolWorker-7] === Fetching OHLCVs for symbol AR-BTC
[2021-05-14 22:24:44,098: WARNING/ForkPoolWorker-7] === Fetching OHLCVs for symbol ARDR-BTC
[2021-05-14 22:24:44,098: WARNING/ForkPoolWorker-7] === Fetching OHLCVs for symbol ARDX-BTC
[2021-05-14 22:24:44,098: WARNING/ForkPoolWorker-7] === Fetching OHLCVs for symbol ARDX-ETH
[2021-05-14 22:24:44,098: WARNING/ForkPoolWorker-7] === Fetching OHLCVs for symbol ARDX-USDT
[2021-05-14 22:24:44,099: WARNING/ForkPoolWorker-7] === Fetching OHLCVs for symbol ARK-BTC
[2021-05-14 22:24:44,099: WARNING/ForkPoolWorker-7] === Fetching OHLCVs for symbol ARKK-BTC
[2021-05-14 22:24:44,099: WARNING/ForkPoolWorker-7] === Fetching OHLCVs for symbol ARKK-USD
[2021-05-14 22:24:44,099: WARNING/ForkPoolWorker-7] === Fetching OHLCVs for symbol ARKK-USDT
[2021-05-14 22:24:44,099: WARNING/ForkPoolWorker-7] === Fetching OHLCVs for symbol ATOM-BTC
[2021-05-14 22:24:44,099: WARNING/ForkPoolWorker-7] === Fetching OHLCVs for symbol ATOM-ETH
[2021-05-14 22:24:44,099: WARNING/ForkPoolWorker-7] === Fetching OHLCVs for symbol ATOM-USD
[2021-05-14 22:24:44,099: WARNING/ForkPoolWorker-7] === Fetching OHLCVs for symbol ATOM-USDT
[2021-05-14 22:24:44,099: WARNING/ForkPoolWorker-7] === Fetching OHLCVs for symbol AVAX-BTC
[2021-05-14 22:24:44,099: WARNING/ForkPoolWorker-7] === Fetching OHLCVs for symbol AVAX-ETH
[2021-05-14 22:24:44,099: WARNING/ForkPoolWorker-7] === Fetching OHLCVs for symbol AVAX-USDT
[2021-05-14 22:24:44,100: WARNING/ForkPoolWorker-7] === Fetching OHLCVs for symbol BABA-BTC
[2021-05-14 22:24:44,100: WARNING/ForkPoolWorker-7] === Fetching OHLCVs for symbol BABA-USD
[2021-05-14 22:24:44,100: WARNING/ForkPoolWorker-7] === Fetching OHLCVs for symbol BABA-USDT
[2021-05-14 22:24:44,100: WARNING/ForkPoolWorker-7] === Fetching OHLCVs for symbol BAL-BTC
[2021-05-14 22:24:44,100: WARNING/ForkPoolWorker-7] === Fetching OHLCVs for symbol BAL-ETH
[2021-05-14 22:24:44,100: WARNING/ForkPoolWorker-7] === Fetching OHLCVs for symbol BAL-EUR
[2021-05-14 22:24:44,100: WARNING/ForkPoolWorker-7] === Fetching OHLCVs for symbol BAL-USD
[2021-05-14 22:24:44,100: WARNING/ForkPoolWorker-7] === Fetching OHLCVs for symbol BAL-USDT
[2021-05-14 22:24:44,100: WARNING/ForkPoolWorker-7] === Fetching OHLCVs for symbol BAND-BTC
[2021-05-14 22:24:44,100: WARNING/ForkPoolWorker-7] === Fetching OHLCVs for symbol BAND-ETH
[2021-05-14 22:24:44,100: WARNING/ForkPoolWorker-7] === Fetching OHLCVs for symbol BAND-EUR
[2021-05-14 22:24:44,101: WARNING/ForkPoolWorker-7] === Fetching OHLCVs for symbol BAND-USD
[2021-05-14 22:24:44,101: WARNING/ForkPoolWorker-7] === Fetching OHLCVs for symbol BAND-USDT
[2021-05-14 22:24:44,101: WARNING/ForkPoolWorker-7] === Fetching OHLCVs for symbol BAT-BTC
[2021-05-14 22:24:44,101: WARNING/ForkPoolWorker-7] === Fetching OHLCVs for symbol BAT-ETH
[2021-05-14 22:24:44,101: WARNING/ForkPoolWorker-7] === Fetching OHLCVs for symbol BAT-USD
[2021-05-14 22:24:44,101: WARNING/ForkPoolWorker-7] === Fetching OHLCVs for symbol BAT-USDT
[2021-05-14 22:24:44,101: WARNING/ForkPoolWorker-7] === Fetching OHLCVs for symbol BB-BTC
[2021-05-14 22:24:44,101: WARNING/ForkPoolWorker-7] === Fetching OHLCVs for symbol BBC-BTC
[2021-05-14 22:24:44,101: WARNING/ForkPoolWorker-7] === Fetching OHLCVs for symbol BBC-USDT
[2021-05-14 22:24:44,101: WARNING/ForkPoolWorker-7] === Fetching OHLCVs for symbol BB-USD
[2021-05-14 22:24:44,101: WARNING/ForkPoolWorker-7] === Fetching OHLCVs for symbol BB-USDT
[2021-05-14 22:24:44,102: WARNING/ForkPoolWorker-7] === Fetching OHLCVs for symbol BCH-BTC
[2021-05-14 22:24:44,102: WARNING/ForkPoolWorker-7] === Fetching OHLCVs for symbol BCH-ETH
[2021-05-14 22:24:44,102: WARNING/ForkPoolWorker-7] === Fetching OHLCVs for symbol BCH-EUR
[2021-05-14 22:24:44,102: WARNING/ForkPoolWorker-7] === Fetching OHLCVs for symbol BCH-USD
[2021-05-14 22:24:44,102: WARNING/ForkPoolWorker-7] === Fetching OHLCVs for symbol BCH-USDT
[2021-05-14 22:24:44,102: WARNING/ForkPoolWorker-7] === Fetching OHLCVs for symbol BEAR-USD
[2021-05-14 22:24:44,102: WARNING/ForkPoolWorker-7] === Fetching OHLCVs for symbol BEAR-USDT
[2021-05-14 22:24:44,102: WARNING/ForkPoolWorker-7] === Fetching OHLCVs for symbol BEST-USDT
[2021-05-14 22:24:44,102: WARNING/ForkPoolWorker-7] === Fetching OHLCVs for symbol BFT-BTC
[2021-05-14 22:24:44,102: WARNING/ForkPoolWorker-7] === Fetching OHLCVs for symbol BILI-BTC
[2021-05-14 22:24:44,102: WARNING/ForkPoolWorker-7] === Fetching OHLCVs for symbol BILI-USD
[2021-05-14 22:24:44,103: WARNING/ForkPoolWorker-7] === Fetching OHLCVs for symbol BILI-USDT
[2021-05-14 22:24:44,103: WARNING/ForkPoolWorker-7] === Fetching OHLCVs for symbol BITW-BTC
[2021-05-14 22:24:44,103: WARNING/ForkPoolWorker-7] === Fetching OHLCVs for symbol BITW-USD
[2021-05-14 22:24:44,103: WARNING/ForkPoolWorker-7] === Fetching OHLCVs for symbol BITW-USDT
[2021-05-14 22:24:44,103: WARNING/ForkPoolWorker-7] === Fetching OHLCVs for symbol BLK-BTC
[2021-05-14 22:24:44,103: WARNING/ForkPoolWorker-7] === Fetching OHLCVs for symbol BLOCK-BTC
[2021-05-14 22:24:44,103: WARNING/ForkPoolWorker-7] === Fetching OHLCVs for symbol BNT-BTC
[2021-05-14 22:24:44,103: WARNING/ForkPoolWorker-7] === Fetching OHLCVs for symbol BNT-ETH
[2021-05-14 22:24:44,103: WARNING/ForkPoolWorker-7] === Fetching OHLCVs for symbol BNTX-BTC
[2021-05-14 22:24:44,103: WARNING/ForkPoolWorker-7] === Fetching OHLCVs for symbol BNTX-USD
[2021-05-14 22:24:44,103: WARNING/ForkPoolWorker-7] === Fetching OHLCVs for symbol BNTX-USDT
[2021-05-14 22:24:44,104: WARNING/ForkPoolWorker-7] === Fetching OHLCVs for symbol BOA-BTC
[2021-05-14 22:24:44,104: WARNING/ForkPoolWorker-7] === Fetching OHLCVs for symbol BOA-USDT
[2021-05-14 22:24:44,104: WARNING/ForkPoolWorker-7] === Fetching OHLCVs for symbol BONDLY-BTC
[2021-05-14 22:24:44,104: WARNING/ForkPoolWorker-7] === Fetching OHLCVs for symbol BONDLY-ETH
[2021-05-14 22:24:44,104: WARNING/ForkPoolWorker-7] === Fetching OHLCVs for symbol BONDLY-USDT
[2021-05-14 22:24:44,104: WARNING/ForkPoolWorker-7] === Fetching OHLCVs for symbol BORA-BTC
[2021-05-14 22:24:44,104: WARNING/ForkPoolWorker-7] === Fetching OHLCVs for symbol BRZ-BTC
[2021-05-14 22:24:44,104: WARNING/ForkPoolWorker-7] === Fetching OHLCVs for symbol BRZ-USDT
[2021-05-14 22:24:44,104: WARNING/ForkPoolWorker-7] === Fetching OHLCVs for symbol BSV-BTC
[2021-05-14 22:24:44,104: WARNING/ForkPoolWorker-7] === Fetching OHLCVs for symbol BSV-ETH
[2021-05-14 22:24:44,105: WARNING/ForkPoolWorker-7] === Fetching OHLCVs for symbol BSV-EUR
[2021-05-14 22:24:44,105: WARNING/ForkPoolWorker-7] === Fetching OHLCVs for symbol BSV-USD
[2021-05-14 22:24:44,105: WARNING/ForkPoolWorker-7] === Fetching OHLCVs for symbol BSV-USDT
[2021-05-14 22:24:44,105: WARNING/ForkPoolWorker-7] === Fetching OHLCVs for symbol BTC-EUR
[2021-05-14 22:24:44,105: WARNING/ForkPoolWorker-7] === Fetching OHLCVs for symbol BTC-USD
[2021-05-14 22:24:44,105: WARNING/ForkPoolWorker-7] === Fetching OHLCVs for symbol BTC-USDT
[2021-05-14 22:24:44,105: WARNING/ForkPoolWorker-7] === Fetching OHLCVs for symbol BTCV-BTC
[2021-05-14 22:24:44,105: WARNING/ForkPoolWorker-7] === Fetching OHLCVs for symbol BTCV-USDT
[2021-05-14 22:24:44,105: WARNING/ForkPoolWorker-7] === Fetching OHLCVs for symbol BTE-BTC
[2021-05-14 22:24:44,105: WARNING/ForkPoolWorker-7] === Fetching OHLCVs for symbol BTE-USDT
[2021-05-14 22:24:44,106: WARNING/ForkPoolWorker-7] === Fetching OHLCVs for symbol BTM-BTC
[2021-05-14 22:24:44,106: WARNING/ForkPoolWorker-7] === Fetching OHLCVs for symbol BTS-BTC
[2021-05-14 22:24:44,106: WARNING/ForkPoolWorker-7] === Fetching OHLCVs for symbol BTT-BTC
[2021-05-14 22:24:44,106: WARNING/ForkPoolWorker-7] === Fetching OHLCVs for symbol BTT-USDT
[2021-05-14 22:24:44,106: WARNING/ForkPoolWorker-7] === Fetching OHLCVs for symbol BTU-BTC
[2021-05-14 22:24:44,106: WARNING/ForkPoolWorker-7] === Fetching OHLCVs for symbol BULL-USD
[2021-05-14 22:24:44,106: WARNING/ForkPoolWorker-7] === Fetching OHLCVs for symbol BULL-USDT
[2021-05-14 22:24:44,106: WARNING/ForkPoolWorker-7] === Fetching OHLCVs for symbol BURST-BTC
[2021-05-14 22:24:44,106: WARNING/ForkPoolWorker-7] === Fetching OHLCVs for symbol BWF-BTC
[2021-05-14 22:24:44,106: WARNING/ForkPoolWorker-7] === Fetching OHLCVs for symbol BWF-USDT
[2021-05-14 22:24:44,106: WARNING/ForkPoolWorker-7] === Fetching OHLCVs for symbol BWX-BTC
[2021-05-14 22:24:44,107: WARNING/ForkPoolWorker-7] === Fetching OHLCVs for symbol BYND-BTC
[2021-05-14 22:24:44,107: WARNING/ForkPoolWorker-7] === Fetching OHLCVs for symbol BYND-USD
[2021-05-14 22:24:44,107: WARNING/ForkPoolWorker-7] === Fetching OHLCVs for symbol BYND-USDT
[2021-05-14 22:24:44,107: WARNING/ForkPoolWorker-7] === Fetching OHLCVs for symbol CAMP-BTC
[2021-05-14 22:24:44,107: WARNING/ForkPoolWorker-7] === Fetching OHLCVs for symbol CAMP-USDT
[2021-05-14 22:24:44,107: WARNING/ForkPoolWorker-7] === Fetching OHLCVs for symbol CBC-BTC
[2021-05-14 22:24:44,107: WARNING/ForkPoolWorker-7] === Fetching OHLCVs for symbol CBC-ETH
[2021-05-14 22:24:44,107: WARNING/ForkPoolWorker-7] === Fetching OHLCVs for symbol CBC-USDT
[2021-05-14 22:24:44,108: WARNING/ForkPoolWorker-7] === Fetching OHLCVs for symbol CEL-BTC
[2021-05-14 22:24:44,108: WARNING/ForkPoolWorker-7] === Fetching OHLCVs for symbol CELO-BTC
[2021-05-14 22:24:44,108: WARNING/ForkPoolWorker-7] === Fetching OHLCVs for symbol CELO-ETH
[2021-05-14 22:24:44,108: WARNING/ForkPoolWorker-7] === Fetching OHLCVs for symbol CELO-EUR
[2021-05-14 22:24:44,108: WARNING/ForkPoolWorker-7] === Fetching OHLCVs for symbol CELO-USD
[2021-05-14 22:24:44,108: WARNING/ForkPoolWorker-7] === Fetching OHLCVs for symbol CELO-USDT
[2021-05-14 22:24:44,108: WARNING/ForkPoolWorker-7] === Fetching OHLCVs for symbol CEL-USDT
[2021-05-14 22:24:44,108: WARNING/ForkPoolWorker-7] === Fetching OHLCVs for symbol CGC-BTC
[2021-05-14 22:24:44,109: WARNING/ForkPoolWorker-7] === Fetching OHLCVs for symbol CGC-USD
[2021-05-14 22:24:44,109: WARNING/ForkPoolWorker-7] === Fetching OHLCVs for symbol CGC-USDT
[2021-05-14 22:24:44,109: WARNING/ForkPoolWorker-7] === Fetching OHLCVs for symbol CGT-BTC
[2021-05-14 22:24:44,109: WARNING/ForkPoolWorker-7] === Fetching OHLCVs for symbol CGT-USDT
[2021-05-14 22:24:44,109: WARNING/ForkPoolWorker-7] === Fetching OHLCVs for symbol CHR-BTC
[2021-05-14 22:24:44,109: WARNING/ForkPoolWorker-7] === Fetching OHLCVs for symbol CKB-BTC
[2021-05-14 22:24:44,109: WARNING/ForkPoolWorker-7] === Fetching OHLCVs for symbol CKB-USDT
[2021-05-14 22:24:44,110: WARNING/ForkPoolWorker-7] === Fetching OHLCVs for symbol CLT-BTC
[2021-05-14 22:24:44,110: WARNING/ForkPoolWorker-7] === Fetching OHLCVs for symbol CLT-USDT
[2021-05-14 22:24:44,110: WARNING/ForkPoolWorker-7] === Fetching OHLCVs for symbol CND-BTC
[2021-05-14 22:24:44,110: WARNING/ForkPoolWorker-7] === Fetching OHLCVs for symbol CNS-BTC
[2021-05-14 22:24:44,110: WARNING/ForkPoolWorker-7] === Fetching OHLCVs for symbol CNS-USDT
[2021-05-14 22:24:44,110: WARNING/ForkPoolWorker-7] === Fetching OHLCVs for symbol CNTM-BTC
[2021-05-14 22:24:44,110: WARNING/ForkPoolWorker-7] === Fetching OHLCVs for symbol CNTM-USDT
[2021-05-14 22:24:44,110: WARNING/ForkPoolWorker-7] === Fetching OHLCVs for symbol COIN-BTC
[2021-05-14 22:24:44,110: WARNING/ForkPoolWorker-7] === Fetching OHLCVs for symbol COIN-USD
[2021-05-14 22:24:44,111: WARNING/ForkPoolWorker-7] === Fetching OHLCVs for symbol COIN-USDT
[2021-05-14 22:24:44,111: WARNING/ForkPoolWorker-7] === Fetching OHLCVs for symbol COMP-BTC
[2021-05-14 22:24:44,111: WARNING/ForkPoolWorker-7] === Fetching OHLCVs for symbol COMP-ETH
[2021-05-14 22:24:44,111: WARNING/ForkPoolWorker-7] === Fetching OHLCVs for symbol COMP-USD
[2021-05-14 22:24:44,111: WARNING/ForkPoolWorker-7] === Fetching OHLCVs for symbol COMP-USDT
[2021-05-14 22:24:44,111: WARNING/ForkPoolWorker-7] === Fetching OHLCVs for symbol COSM-BTC
[2021-05-14 22:24:44,111: WARNING/ForkPoolWorker-7] === Fetching OHLCVs for symbol CPC-BTC
[2021-05-14 22:24:44,111: WARNING/ForkPoolWorker-7] === Fetching OHLCVs for symbol CRO-BTC
[2021-05-14 22:24:44,112: WARNING/ForkPoolWorker-7] === Fetching OHLCVs for symbol CRO-ETH
[2021-05-14 22:24:44,112: WARNING/ForkPoolWorker-7] === Fetching OHLCVs for symbol CRO-EUR
[2021-05-14 22:24:44,112: WARNING/ForkPoolWorker-7] === Fetching OHLCVs for symbol CRON-BTC
[2021-05-14 22:24:44,112: WARNING/ForkPoolWorker-7] === Fetching OHLCVs for symbol CRON-USD
[2021-05-14 22:24:44,112: WARNING/ForkPoolWorker-7] === Fetching OHLCVs for symbol CRON-USDT
[2021-05-14 22:24:44,112: WARNING/ForkPoolWorker-7] === Fetching OHLCVs for symbol CRO-USD
[2021-05-14 22:24:44,112: WARNING/ForkPoolWorker-7] === Fetching OHLCVs for symbol CRO-USDT
[2021-05-14 22:24:44,112: WARNING/ForkPoolWorker-7] === Fetching OHLCVs for symbol CRW-BTC
[2021-05-14 22:24:44,113: WARNING/ForkPoolWorker-7] === Fetching OHLCVs for symbol CTC-BTC
[2021-05-14 22:24:44,113: WARNING/ForkPoolWorker-7] === Fetching OHLCVs for symbol CTXC-BTC
[2021-05-14 22:24:44,113: WARNING/ForkPoolWorker-7] === Fetching OHLCVs for symbol CURE-BTC
[2021-05-14 22:24:44,113: WARNING/ForkPoolWorker-7] === Fetching OHLCVs for symbol CUSD-BTC
[2021-05-14 22:24:44,113: WARNING/ForkPoolWorker-7] === Fetching OHLCVs for symbol CUSD-ETH
[2021-05-14 22:24:44,113: WARNING/ForkPoolWorker-7] === Fetching OHLCVs for symbol CUSD-USDT
[2021-05-14 22:24:44,113: WARNING/ForkPoolWorker-7] === Fetching OHLCVs for symbol CUT-BTC
[2021-05-14 22:24:44,113: WARNING/ForkPoolWorker-7] === Fetching OHLCVs for symbol CUT-USDT
[2021-05-14 22:24:44,114: WARNING/ForkPoolWorker-7] === Fetching OHLCVs for symbol CVC-BTC
[2021-05-14 22:24:44,114: WARNING/ForkPoolWorker-7] === Fetching OHLCVs for symbol CVC-ETH
[2021-05-14 22:24:44,114: WARNING/ForkPoolWorker-7] === Fetching OHLCVs for symbol CVT-BTC
[2021-05-14 22:24:44,114: WARNING/ForkPoolWorker-7] === Fetching OHLCVs for symbol DAF-USDT
[2021-05-14 22:24:44,114: WARNING/ForkPoolWorker-7] === Fetching OHLCVs for symbol DAI-BTC
[2021-05-14 22:24:44,114: WARNING/ForkPoolWorker-7] === Fetching OHLCVs for symbol DAI-ETH
[2021-05-14 22:24:44,114: WARNING/ForkPoolWorker-7] === Fetching OHLCVs for symbol DAI-USD
[2021-05-14 22:24:44,114: WARNING/ForkPoolWorker-7] === Fetching OHLCVs for symbol DAI-USDT
[2021-05-14 22:24:44,114: WARNING/ForkPoolWorker-7] === Fetching OHLCVs for symbol DAWN-BTC
[2021-05-14 22:24:44,115: WARNING/ForkPoolWorker-7] === Fetching OHLCVs for symbol DCR-BTC
[2021-05-14 22:24:44,115: WARNING/ForkPoolWorker-7] === Fetching OHLCVs for symbol DCR-USD
[2021-05-14 22:24:44,115: WARNING/ForkPoolWorker-7] === Fetching OHLCVs for symbol DCR-USDT
[2021-05-14 22:24:44,115: WARNING/ForkPoolWorker-7] === Fetching OHLCVs for symbol DEP-BTC
[2021-05-14 22:24:44,115: WARNING/ForkPoolWorker-7] === Fetching OHLCVs for symbol DEP-USDT
[2021-05-14 22:24:44,115: WARNING/ForkPoolWorker-7] === Fetching OHLCVs for symbol DFI-BTC
[2021-05-14 22:24:44,115: WARNING/ForkPoolWorker-7] === Fetching OHLCVs for symbol DFI-EUR
[2021-05-14 22:24:44,115: WARNING/ForkPoolWorker-7] === Fetching OHLCVs for symbol DFI-USDT
[2021-05-14 22:24:44,116: WARNING/ForkPoolWorker-7] === Fetching OHLCVs for symbol DGB-BTC
[2021-05-14 22:24:44,116: WARNING/ForkPoolWorker-7] === Fetching OHLCVs for symbol DGB-ETH
[2021-05-14 22:24:44,116: WARNING/ForkPoolWorker-7] === Fetching OHLCVs for symbol DGB-EUR
[2021-05-14 22:24:44,116: WARNING/ForkPoolWorker-7] === Fetching OHLCVs for symbol DGB-USD
[2021-05-14 22:24:44,116: WARNING/ForkPoolWorker-7] === Fetching OHLCVs for symbol DGB-USDT
[2021-05-14 22:24:44,116: WARNING/ForkPoolWorker-7] === Fetching OHLCVs for symbol DMT-BTC
[2021-05-14 22:24:44,116: WARNING/ForkPoolWorker-7] === Fetching OHLCVs for symbol DMT-ETH
[2021-05-14 22:24:44,116: WARNING/ForkPoolWorker-7] === Fetching OHLCVs for symbol DNA-BTC
[2021-05-14 22:24:44,116: WARNING/ForkPoolWorker-7] === Fetching OHLCVs for symbol DNA-USDT
[2021-05-14 22:24:44,116: WARNING/ForkPoolWorker-7] === Fetching OHLCVs for symbol DNT-BTC
[2021-05-14 22:24:44,116: WARNING/ForkPoolWorker-7] === Fetching OHLCVs for symbol DOGE-BTC
[2021-05-14 22:24:44,117: WARNING/ForkPoolWorker-7] === Fetching OHLCVs for symbol DOGEBULL-USD
[2021-05-14 22:24:44,117: WARNING/ForkPoolWorker-7] === Fetching OHLCVs for symbol DOGEBULL-USDT
[2021-05-14 22:24:44,117: WARNING/ForkPoolWorker-7] === Fetching OHLCVs for symbol DOGE-ETH
[2021-05-14 22:24:44,117: WARNING/ForkPoolWorker-7] === Fetching OHLCVs for symbol DOGE-EUR
[2021-05-14 22:24:44,117: WARNING/ForkPoolWorker-7] === Fetching OHLCVs for symbol DOGE-USD
[2021-05-14 22:24:44,117: WARNING/ForkPoolWorker-7] === Fetching OHLCVs for symbol DOGE-USDT
[2021-05-14 22:24:44,117: WARNING/ForkPoolWorker-7] === Fetching OHLCVs for symbol DOT-BTC
[2021-05-14 22:24:44,117: WARNING/ForkPoolWorker-7] === Fetching OHLCVs for symbol DOT-ETH
[2021-05-14 22:24:44,117: WARNING/ForkPoolWorker-7] === Fetching OHLCVs for symbol DOT-EUR
[2021-05-14 22:24:44,117: WARNING/ForkPoolWorker-7] === Fetching OHLCVs for symbol DOT-USD
[2021-05-14 22:24:44,117: WARNING/ForkPoolWorker-7] === Fetching OHLCVs for symbol DOT-USDT
[2021-05-14 22:24:44,117: WARNING/ForkPoolWorker-7] === Fetching OHLCVs for symbol DRGN-BTC
[2021-05-14 22:24:44,117: WARNING/ForkPoolWorker-7] === Fetching OHLCVs for symbol DTA-BTC
[2021-05-14 22:24:44,117: WARNING/ForkPoolWorker-7] === Fetching OHLCVs for symbol DUCATO-BTC
[2021-05-14 22:24:44,118: WARNING/ForkPoolWorker-7] === Fetching OHLCVs for symbol DUSK-BTC
[2021-05-14 22:24:44,118: WARNING/ForkPoolWorker-7] === Fetching OHLCVs for symbol ECELL-BTC
[2021-05-14 22:24:44,118: WARNING/ForkPoolWorker-7] === Fetching OHLCVs for symbol ECELL-USDT
[2021-05-14 22:24:44,118: WARNING/ForkPoolWorker-7] === Fetching OHLCVs for symbol ECOC-BTC
[2021-05-14 22:24:44,118: WARNING/ForkPoolWorker-7] === Fetching OHLCVs for symbol ECOC-USDT
[2021-05-14 22:24:44,118: WARNING/ForkPoolWorker-7] === Fetching OHLCVs for symbol EDR-BTC
[2021-05-14 22:24:44,118: WARNING/ForkPoolWorker-7] === Fetching OHLCVs for symbol ELA-BTC
[2021-05-14 22:24:44,118: WARNING/ForkPoolWorker-7] === Fetching OHLCVs for symbol ELAMA-BTC
[2021-05-14 22:24:44,118: WARNING/ForkPoolWorker-7] === Fetching OHLCVs for symbol ELA-USDT
[2021-05-14 22:24:44,118: WARNING/ForkPoolWorker-7] === Fetching OHLCVs for symbol EMC2-BTC
[2021-05-14 22:24:44,118: WARNING/ForkPoolWorker-7] === Fetching OHLCVs for symbol ENG-BTC
[2021-05-14 22:24:44,118: WARNING/ForkPoolWorker-7] === Fetching OHLCVs for symbol ENG-ETH
[2021-05-14 22:24:44,118: WARNING/ForkPoolWorker-7] === Fetching OHLCVs for symbol ENJ-BTC
[2021-05-14 22:24:44,118: WARNING/ForkPoolWorker-7] === Fetching OHLCVs for symbol ENJ-ETH
[2021-05-14 22:24:44,118: WARNING/ForkPoolWorker-7] === Fetching OHLCVs for symbol ENJ-USD
[2021-05-14 22:24:44,119: WARNING/ForkPoolWorker-7] === Fetching OHLCVs for symbol ENJ-USDT
[2021-05-14 22:24:44,119: WARNING/ForkPoolWorker-7] === Fetching OHLCVs for symbol EOS-BTC
[2021-05-14 22:24:44,119: WARNING/ForkPoolWorker-7] === Fetching OHLCVs for symbol EOS-ETH
[2021-05-14 22:24:44,119: WARNING/ForkPoolWorker-7] === Fetching OHLCVs for symbol EOS-USD
[2021-05-14 22:24:44,119: WARNING/ForkPoolWorker-7] === Fetching OHLCVs for symbol EOS-USDT
[2021-05-14 22:24:44,119: WARNING/ForkPoolWorker-7] === Fetching OHLCVs for symbol ETC-BTC
[2021-05-14 22:24:44,119: WARNING/ForkPoolWorker-7] === Fetching OHLCVs for symbol ETC-ETH
[2021-05-14 22:24:44,119: WARNING/ForkPoolWorker-7] === Fetching OHLCVs for symbol ETC-USD
[2021-05-14 22:24:44,119: WARNING/ForkPoolWorker-7] === Fetching OHLCVs for symbol ETC-USDT
[2021-05-14 22:24:44,119: WARNING/ForkPoolWorker-7] === Fetching OHLCVs for symbol ETHBEAR-USD
[2021-05-14 22:24:44,119: WARNING/ForkPoolWorker-7] === Fetching OHLCVs for symbol ETHBEAR-USDT
[2021-05-14 22:24:44,119: WARNING/ForkPoolWorker-7] === Fetching OHLCVs for symbol ETH-BTC
[2021-05-14 22:24:44,119: WARNING/ForkPoolWorker-7] === Fetching OHLCVs for symbol ETHBULL-USD
[2021-05-14 22:24:44,119: WARNING/ForkPoolWorker-7] === Fetching OHLCVs for symbol ETHBULL-USDT
[2021-05-14 22:24:44,120: WARNING/ForkPoolWorker-7] === Fetching OHLCVs for symbol ETH-EUR
[2021-05-14 22:24:44,120: WARNING/ForkPoolWorker-7] === Fetching OHLCVs for symbol ETH-USD
[2021-05-14 22:24:44,120: WARNING/ForkPoolWorker-7] === Fetching OHLCVs for symbol ETH-USDT
[2021-05-14 22:24:44,120: WARNING/ForkPoolWorker-7] === Fetching OHLCVs for symbol EXCL-BTC
[2021-05-14 22:24:44,120: WARNING/ForkPoolWorker-7] === Fetching OHLCVs for symbol EXE-BTC
[2021-05-14 22:24:44,120: WARNING/ForkPoolWorker-7] === Fetching OHLCVs for symbol EXE-USDT
[2021-05-14 22:24:44,120: WARNING/ForkPoolWorker-7] === Fetching OHLCVs for symbol EXP-BTC
[2021-05-14 22:24:44,120: WARNING/ForkPoolWorker-7] === Fetching OHLCVs for symbol FB-BTC
[2021-05-14 22:24:44,120: WARNING/ForkPoolWorker-7] === Fetching OHLCVs for symbol FB-USD
[2021-05-14 22:24:44,120: WARNING/ForkPoolWorker-7] === Fetching OHLCVs for symbol FB-USDT
[2021-05-14 22:24:44,120: WARNING/ForkPoolWorker-7] === Fetching OHLCVs for symbol FCT2-BTC
[2021-05-14 22:24:44,120: WARNING/ForkPoolWorker-7] === Fetching OHLCVs for symbol FCT-BTC
[2021-05-14 22:24:44,120: WARNING/ForkPoolWorker-7] === Fetching OHLCVs for symbol FIL-BTC
[2021-05-14 22:24:44,120: WARNING/ForkPoolWorker-7] === Fetching OHLCVs for symbol FIL-ETH
[2021-05-14 22:24:44,121: WARNING/ForkPoolWorker-7] === Fetching OHLCVs for symbol FIL-USD
[2021-05-14 22:24:44,121: WARNING/ForkPoolWorker-7] === Fetching OHLCVs for symbol FIL-USDT
[2021-05-14 22:24:44,121: WARNING/ForkPoolWorker-7] === Fetching OHLCVs for symbol FIRO-BTC
[2021-05-14 22:24:44,121: WARNING/ForkPoolWorker-7] === Fetching OHLCVs for symbol FIT-BTC
[2021-05-14 22:24:44,121: WARNING/ForkPoolWorker-7] === Fetching OHLCVs for symbol FLETA-BTC
[2021-05-14 22:24:44,121: WARNING/ForkPoolWorker-7] === Fetching OHLCVs for symbol FLO-BTC
[2021-05-14 22:24:44,121: WARNING/ForkPoolWorker-7] === Fetching OHLCVs for symbol FME-BTC
[2021-05-14 22:24:44,121: WARNING/ForkPoolWorker-7] === Fetching OHLCVs for symbol FME-USDT
[2021-05-14 22:24:44,121: WARNING/ForkPoolWorker-7] === Fetching OHLCVs for symbol FNB-BTC
[2021-05-14 22:24:44,121: WARNING/ForkPoolWorker-7] === Fetching OHLCVs for symbol FOL-BTC
[2021-05-14 22:24:44,121: WARNING/ForkPoolWorker-7] === Fetching OHLCVs for symbol FOL-USDT
[2021-05-14 22:24:44,121: WARNING/ForkPoolWorker-7] === Fetching OHLCVs for symbol FOR-BTC
[2021-05-14 22:24:44,121: WARNING/ForkPoolWorker-7] === Fetching OHLCVs for symbol FRSP-BTC
[2021-05-14 22:24:44,122: WARNING/ForkPoolWorker-7] === Fetching OHLCVs for symbol FSN-BTC
[2021-05-14 22:24:44,122: WARNING/ForkPoolWorker-7] === Fetching OHLCVs for symbol FTC-BTC
[2021-05-14 22:24:44,122: WARNING/ForkPoolWorker-7] === Fetching OHLCVs for symbol FX-BTC
[2021-05-14 22:24:44,122: WARNING/ForkPoolWorker-7] === Fetching OHLCVs for symbol FX-ETH
[2021-05-14 22:24:44,122: WARNING/ForkPoolWorker-7] === Fetching OHLCVs for symbol GAME-BTC
[2021-05-14 22:24:44,122: WARNING/ForkPoolWorker-7] === Fetching OHLCVs for symbol GAME-USDT
[2021-05-14 22:24:44,122: WARNING/ForkPoolWorker-7] === Fetching OHLCVs for symbol GBYTE-BTC
[2021-05-14 22:24:44,123: WARNING/ForkPoolWorker-7] === Fetching OHLCVs for symbol GDXJ-BTC
[2021-05-14 22:24:44,123: WARNING/ForkPoolWorker-7] === Fetching OHLCVs for symbol GDXJ-USD
[2021-05-14 22:24:44,123: WARNING/ForkPoolWorker-7] === Fetching OHLCVs for symbol GDXJ-USDT
[2021-05-14 22:24:44,123: WARNING/ForkPoolWorker-7] === Fetching OHLCVs for symbol GEO-BTC
[2021-05-14 22:24:44,123: WARNING/ForkPoolWorker-7] === Fetching OHLCVs for symbol GET-BTC
[2021-05-14 22:24:44,123: WARNING/ForkPoolWorker-7] === Fetching OHLCVs for symbol GET-USDT
[2021-05-14 22:24:44,123: WARNING/ForkPoolWorker-7] === Fetching OHLCVs for symbol GLD-BTC
[2021-05-14 22:24:44,124: WARNING/ForkPoolWorker-7] === Fetching OHLCVs for symbol GLD-USD
[2021-05-14 22:24:44,124: WARNING/ForkPoolWorker-7] === Fetching OHLCVs for symbol GLD-USDT
[2021-05-14 22:24:44,124: WARNING/ForkPoolWorker-7] === Fetching OHLCVs for symbol GLEEC-BTC
[2021-05-14 22:24:44,124: WARNING/ForkPoolWorker-7] === Fetching OHLCVs for symbol GLEEC-USDT
[2021-05-14 22:24:44,124: WARNING/ForkPoolWorker-7] === Fetching OHLCVs for symbol GLM-BTC
[2021-05-14 22:24:44,124: WARNING/ForkPoolWorker-7] === Fetching OHLCVs for symbol GLM-ETH
[2021-05-14 22:24:44,124: WARNING/ForkPoolWorker-7] === Fetching OHLCVs for symbol GLXY-BTC
[2021-05-14 22:24:44,125: WARNING/ForkPoolWorker-7] === Fetching OHLCVs for symbol GLXY-USD
[2021-05-14 22:24:44,125: WARNING/ForkPoolWorker-7] === Fetching OHLCVs for symbol GLXY-USDT
[2021-05-14 22:24:44,125: WARNING/ForkPoolWorker-7] === Fetching OHLCVs for symbol GME-BTC
[2021-05-14 22:24:44,125: WARNING/ForkPoolWorker-7] === Fetching OHLCVs for symbol GME-USD
[2021-05-14 22:24:44,125: WARNING/ForkPoolWorker-7] === Fetching OHLCVs for symbol GME-USDT
[2021-05-14 22:24:44,125: WARNING/ForkPoolWorker-7] === Fetching OHLCVs for symbol GNC-BTC
[2021-05-14 22:24:44,125: WARNING/ForkPoolWorker-7] === Fetching OHLCVs for symbol GNC-USDT
[2021-05-14 22:24:44,125: WARNING/ForkPoolWorker-7] === Fetching OHLCVs for symbol GNO-BTC
[2021-05-14 22:24:44,125: WARNING/ForkPoolWorker-7] === Fetching OHLCVs for symbol GNO-ETH
[2021-05-14 22:24:44,126: WARNING/ForkPoolWorker-7] === Fetching OHLCVs for symbol GNY-BTC
[2021-05-14 22:24:44,126: WARNING/ForkPoolWorker-7] === Fetching OHLCVs for symbol GO-BTC
[2021-05-14 22:24:44,126: WARNING/ForkPoolWorker-7] === Fetching OHLCVs for symbol GOLD-USDT
[2021-05-14 22:24:44,126: WARNING/ForkPoolWorker-7] === Fetching OHLCVs for symbol GOOGL-BTC
[2021-05-14 22:24:44,126: WARNING/ForkPoolWorker-7] === Fetching OHLCVs for symbol GOOGL-USD
[2021-05-14 22:24:44,126: WARNING/ForkPoolWorker-7] === Fetching OHLCVs for symbol GOOGL-USDT
[2021-05-14 22:24:44,126: WARNING/ForkPoolWorker-7] === Fetching OHLCVs for symbol GRIN-BTC
[2021-05-14 22:24:44,126: WARNING/ForkPoolWorker-7] === Fetching OHLCVs for symbol GRIN-USDT
[2021-05-14 22:24:44,126: WARNING/ForkPoolWorker-7] === Fetching OHLCVs for symbol GRS-BTC
[2021-05-14 22:24:44,126: WARNING/ForkPoolWorker-7] === Fetching OHLCVs for symbol GRT-BTC
[2021-05-14 22:24:44,126: WARNING/ForkPoolWorker-7] === Fetching OHLCVs for symbol GRT-ETH
[2021-05-14 22:24:44,126: WARNING/ForkPoolWorker-7] === Fetching OHLCVs for symbol GRT-EUR
[2021-05-14 22:24:44,126: WARNING/ForkPoolWorker-7] === Fetching OHLCVs for symbol GRT-USD
[2021-05-14 22:24:44,127: WARNING/ForkPoolWorker-7] === Fetching OHLCVs for symbol GRT-USDT
[2021-05-14 22:24:44,127: WARNING/ForkPoolWorker-7] === Fetching OHLCVs for symbol GST-BTC
[2021-05-14 22:24:44,127: WARNING/ForkPoolWorker-7] === Fetching OHLCVs for symbol GST-USDT
[2021-05-14 22:24:44,127: WARNING/ForkPoolWorker-7] === Fetching OHLCVs for symbol GTO-BTC
[2021-05-14 22:24:44,127: WARNING/ForkPoolWorker-7] === Fetching OHLCVs for symbol GXC-BTC
[2021-05-14 22:24:44,127: WARNING/ForkPoolWorker-7] === Fetching OHLCVs for symbol GXC-USDT
[2021-05-14 22:24:44,127: WARNING/ForkPoolWorker-7] === Fetching OHLCVs for symbol HBAR-BTC
[2021-05-14 22:24:44,127: WARNING/ForkPoolWorker-7] === Fetching OHLCVs for symbol HBAR-ETH
[2021-05-14 22:24:44,127: WARNING/ForkPoolWorker-7] === Fetching OHLCVs for symbol HBAR-USD
[2021-05-14 22:24:44,127: WARNING/ForkPoolWorker-7] === Fetching OHLCVs for symbol HBAR-USDT
[2021-05-14 22:24:44,127: WARNING/ForkPoolWorker-7] === Fetching OHLCVs for symbol HBD-BTC
[2021-05-14 22:24:44,127: WARNING/ForkPoolWorker-7] === Fetching OHLCVs for symbol HDAC-BTC
[2021-05-14 22:24:44,128: WARNING/ForkPoolWorker-7] === Fetching OHLCVs for symbol HDAO-BTC
[2021-05-14 22:24:44,128: WARNING/ForkPoolWorker-7] === Fetching OHLCVs for symbol HDAO-USDT
[2021-05-14 22:24:44,128: WARNING/ForkPoolWorker-7] === Fetching OHLCVs for symbol HEDG-BTC
[2021-05-14 22:24:44,128: WARNING/ForkPoolWorker-7] === Fetching OHLCVs for symbol HIVE-BTC
[2021-05-14 22:24:44,128: WARNING/ForkPoolWorker-7] === Fetching OHLCVs for symbol HIVE-USD
[2021-05-14 22:24:44,128: WARNING/ForkPoolWorker-7] === Fetching OHLCVs for symbol HIVE-USDT
[2021-05-14 22:24:44,128: WARNING/ForkPoolWorker-7] === Fetching OHLCVs for symbol HMQ-BTC
[2021-05-14 22:24:44,128: WARNING/ForkPoolWorker-7] === Fetching OHLCVs for symbol HNS-BTC
[2021-05-14 22:24:44,128: WARNING/ForkPoolWorker-7] === Fetching OHLCVs for symbol HNS-ETH
[2021-05-14 22:24:44,128: WARNING/ForkPoolWorker-7] === Fetching OHLCVs for symbol HNS-USDT
[2021-05-14 22:24:44,128: WARNING/ForkPoolWorker-7] === Fetching OHLCVs for symbol HXRO-BTC
[2021-05-14 22:24:44,128: WARNING/ForkPoolWorker-7] === Fetching OHLCVs for symbol HXRO-USDT
[2021-05-14 22:24:44,128: WARNING/ForkPoolWorker-7] === Fetching OHLCVs for symbol HYDRO-BTC
[2021-05-14 22:24:44,128: WARNING/ForkPoolWorker-7] === Fetching OHLCVs for symbol ICX-BTC
[2021-05-14 22:24:44,129: WARNING/ForkPoolWorker-7] === Fetching OHLCVs for symbol IGNIS-BTC
[2021-05-14 22:24:44,129: WARNING/ForkPoolWorker-7] === Fetching OHLCVs for symbol IGNIS-USDT
[2021-05-14 22:24:44,129: WARNING/ForkPoolWorker-7] === Fetching OHLCVs for symbol INSTAR-BTC
[2021-05-14 22:24:44,129: WARNING/ForkPoolWorker-7] === Fetching OHLCVs for symbol INX-BTC
[2021-05-14 22:24:44,129: WARNING/ForkPoolWorker-7] === Fetching OHLCVs for symbol INXT-BTC
[2021-05-14 22:24:44,129: WARNING/ForkPoolWorker-7] === Fetching OHLCVs for symbol INXT-USDT
[2021-05-14 22:24:44,129: WARNING/ForkPoolWorker-7] === Fetching OHLCVs for symbol INX-USDT
[2021-05-14 22:24:44,129: WARNING/ForkPoolWorker-7] === Fetching OHLCVs for symbol IOC-BTC
[2021-05-14 22:24:44,129: WARNING/ForkPoolWorker-7] === Fetching OHLCVs for symbol IOST-BTC
[2021-05-14 22:24:44,129: WARNING/ForkPoolWorker-7] === Fetching OHLCVs for symbol IOTA-BTC
[2021-05-14 22:24:44,129: WARNING/ForkPoolWorker-7] === Fetching OHLCVs for symbol IOTA-USD
[2021-05-14 22:24:44,129: WARNING/ForkPoolWorker-7] === Fetching OHLCVs for symbol IOTA-USDT
[2021-05-14 22:24:44,129: WARNING/ForkPoolWorker-7] === Fetching OHLCVs for symbol IOTX-BTC
[2021-05-14 22:24:44,129: WARNING/ForkPoolWorker-7] === Fetching OHLCVs for symbol IQQ-BTC
[2021-05-14 22:24:44,129: WARNING/ForkPoolWorker-7] === Fetching OHLCVs for symbol IQQ-USDT
[2021-05-14 22:24:44,130: WARNING/ForkPoolWorker-7] === Fetching OHLCVs for symbol IRIS-BTC
[2021-05-14 22:24:44,130: WARNING/ForkPoolWorker-7] === Fetching OHLCVs for symbol IRIS-USDT
[2021-05-14 22:24:44,130: WARNING/ForkPoolWorker-7] === Fetching OHLCVs for symbol JOB-BTC
[2021-05-14 22:24:44,130: WARNING/ForkPoolWorker-7] === Fetching OHLCVs for symbol JOB-USDT
[2021-05-14 22:24:44,130: WARNING/ForkPoolWorker-7] === Fetching OHLCVs for symbol KAI-BTC
[2021-05-14 22:24:44,130: WARNING/ForkPoolWorker-7] === Fetching OHLCVs for symbol KAI-USDT
[2021-05-14 22:24:44,130: WARNING/ForkPoolWorker-7] === Fetching OHLCVs for symbol KDA-BTC
[2021-05-14 22:24:44,130: WARNING/ForkPoolWorker-7] === Fetching OHLCVs for symbol KDAG-BTC
[2021-05-14 22:24:44,130: WARNING/ForkPoolWorker-7] === Fetching OHLCVs for symbol KDAG-USDT
[2021-05-14 22:24:44,130: WARNING/ForkPoolWorker-7] === Fetching OHLCVs for symbol KDA-USDT
[2021-05-14 22:24:44,130: WARNING/ForkPoolWorker-7] === Fetching OHLCVs for symbol KLAY-BTC
[2021-05-14 22:24:44,131: WARNING/ForkPoolWorker-7] === Fetching OHLCVs for symbol KLAY-USDT
[2021-05-14 22:24:44,131: WARNING/ForkPoolWorker-7] === Fetching OHLCVs for symbol KLV-BTC
[2021-05-14 22:24:44,131: WARNING/ForkPoolWorker-7] === Fetching OHLCVs for symbol KLV-USDT
[2021-05-14 22:24:44,131: WARNING/ForkPoolWorker-7] === Fetching OHLCVs for symbol KMD-BTC
[2021-05-14 22:24:44,131: WARNING/ForkPoolWorker-7] === Fetching OHLCVs for symbol KMD-USD
[2021-05-14 22:24:44,131: WARNING/ForkPoolWorker-7] === Fetching OHLCVs for symbol KMD-USDT
[2021-05-14 22:24:44,131: WARNING/ForkPoolWorker-7] === Fetching OHLCVs for symbol KNC-BTC
[2021-05-14 22:24:44,131: WARNING/ForkPoolWorker-7] === Fetching OHLCVs for symbol KNC-ETH
[2021-05-14 22:24:44,131: WARNING/ForkPoolWorker-7] === Fetching OHLCVs for symbol KNC-EUR
[2021-05-14 22:24:44,131: WARNING/ForkPoolWorker-7] === Fetching OHLCVs for symbol KNC-USD
[2021-05-14 22:24:44,131: WARNING/ForkPoolWorker-7] === Fetching OHLCVs for symbol KNC-USDT
[2021-05-14 22:24:44,131: WARNING/ForkPoolWorker-7] === Fetching OHLCVs for symbol KOK-BTC
[2021-05-14 22:24:44,131: WARNING/ForkPoolWorker-7] === Fetching OHLCVs for symbol KOK-USDT
[2021-05-14 22:24:44,131: WARNING/ForkPoolWorker-7] === Fetching OHLCVs for symbol KRT-BTC
[2021-05-14 22:24:44,132: WARNING/ForkPoolWorker-7] === Fetching OHLCVs for symbol KRT-USDT
[2021-05-14 22:24:44,132: WARNING/ForkPoolWorker-7] === Fetching OHLCVs for symbol KSM-BTC
[2021-05-14 22:24:44,132: WARNING/ForkPoolWorker-7] === Fetching OHLCVs for symbol KSM-ETH
[2021-05-14 22:24:44,132: WARNING/ForkPoolWorker-7] === Fetching OHLCVs for symbol KSM-USDT
[2021-05-14 22:24:44,132: WARNING/ForkPoolWorker-7] === Fetching OHLCVs for symbol LAMB-BTC
[2021-05-14 22:24:44,132: WARNING/ForkPoolWorker-7] === Fetching OHLCVs for symbol LBC-BTC
[2021-05-14 22:24:44,132: WARNING/ForkPoolWorker-7] === Fetching OHLCVs for symbol LBC-ETH
[2021-05-14 22:24:44,132: WARNING/ForkPoolWorker-7] === Fetching OHLCVs for symbol LBC-USD
[2021-05-14 22:24:44,132: WARNING/ForkPoolWorker-7] === Fetching OHLCVs for symbol LBC-USDT
[2021-05-14 22:24:44,132: WARNING/ForkPoolWorker-7] === Fetching OHLCVs for symbol LCS-USDT
[2021-05-14 22:24:44,133: WARNING/ForkPoolWorker-7] === Fetching OHLCVs for symbol LINK-BTC
[2021-05-14 22:24:44,133: WARNING/ForkPoolWorker-7] === Fetching OHLCVs for symbol LINK-ETH
[2021-05-14 22:24:44,133: WARNING/ForkPoolWorker-7] === Fetching OHLCVs for symbol LINK-USD
[2021-05-14 22:24:44,134: WARNING/ForkPoolWorker-7] === Fetching OHLCVs for symbol LINK-USDT
[2021-05-14 22:24:44,134: WARNING/ForkPoolWorker-7] === Fetching OHLCVs for symbol LMCH-BTC
[2021-05-14 22:24:44,134: WARNING/ForkPoolWorker-7] === Fetching OHLCVs for symbol LMCH-USDT
[2021-05-14 22:24:44,134: WARNING/ForkPoolWorker-7] === Fetching OHLCVs for symbol LOOM-BTC
[2021-05-14 22:24:44,134: WARNING/ForkPoolWorker-7] === Fetching OHLCVs for symbol LOON-BTC
[2021-05-14 22:24:44,134: WARNING/ForkPoolWorker-7] === Fetching OHLCVs for symbol LOON-USDT
[2021-05-14 22:24:44,134: WARNING/ForkPoolWorker-7] === Fetching OHLCVs for symbol LRC-BTC
[2021-05-14 22:24:44,135: WARNING/ForkPoolWorker-7] === Fetching OHLCVs for symbol LRC-USD
[2021-05-14 22:24:44,135: WARNING/ForkPoolWorker-7] === Fetching OHLCVs for symbol LSK-BTC
[2021-05-14 22:24:44,135: WARNING/ForkPoolWorker-7] === Fetching OHLCVs for symbol LSK-USDT
[2021-05-14 22:24:44,135: WARNING/ForkPoolWorker-7] === Fetching OHLCVs for symbol LTC-BTC
[2021-05-14 22:24:44,135: WARNING/ForkPoolWorker-7] === Fetching OHLCVs for symbol LTC-ETH
[2021-05-14 22:24:44,135: WARNING/ForkPoolWorker-7] === Fetching OHLCVs for symbol LTC-USD
[2021-05-14 22:24:44,135: WARNING/ForkPoolWorker-7] === Fetching OHLCVs for symbol LTC-USDT
[2021-05-14 22:24:44,135: WARNING/ForkPoolWorker-7] === Fetching OHLCVs for symbol LUCY-BTC
[2021-05-14 22:24:44,135: WARNING/ForkPoolWorker-7] === Fetching OHLCVs for symbol LUCY-USDT
[2021-05-14 22:24:44,135: WARNING/ForkPoolWorker-7] === Fetching OHLCVs for symbol LUNA-BTC
[2021-05-14 22:24:44,136: WARNING/ForkPoolWorker-7] === Fetching OHLCVs for symbol LUNA-USDT
[2021-05-14 22:24:44,136: WARNING/ForkPoolWorker-7] === Fetching OHLCVs for symbol MAID-BTC
[2021-05-14 22:24:44,136: WARNING/ForkPoolWorker-7] === Fetching OHLCVs for symbol MANA-BTC
[2021-05-14 22:24:44,136: WARNING/ForkPoolWorker-7] === Fetching OHLCVs for symbol MANA-ETH
[2021-05-14 22:24:44,136: WARNING/ForkPoolWorker-7] === Fetching OHLCVs for symbol MANA-USD
[2021-05-14 22:24:44,136: WARNING/ForkPoolWorker-7] === Fetching OHLCVs for symbol MARO-BTC
[2021-05-14 22:24:44,136: WARNING/ForkPoolWorker-7] === Fetching OHLCVs for symbol MATIC-BTC
[2021-05-14 22:24:44,136: WARNING/ForkPoolWorker-7] === Fetching OHLCVs for symbol MATIC-USD
[2021-05-14 22:24:44,136: WARNING/ForkPoolWorker-7] === Fetching OHLCVs for symbol MATIC-USDT
[2021-05-14 22:24:44,136: WARNING/ForkPoolWorker-7] === Fetching OHLCVs for symbol MCH-USDT
[2021-05-14 22:24:44,136: WARNING/ForkPoolWorker-7] === Fetching OHLCVs for symbol MDT-BTC
[2021-05-14 22:24:44,137: WARNING/ForkPoolWorker-7] === Fetching OHLCVs for symbol MDT-USDT
[2021-05-14 22:24:44,137: WARNING/ForkPoolWorker-7] === Fetching OHLCVs for symbol ME-BTC
[2021-05-14 22:24:44,137: WARNING/ForkPoolWorker-7] === Fetching OHLCVs for symbol MED-BTC
[2021-05-14 22:24:44,137: WARNING/ForkPoolWorker-7] === Fetching OHLCVs for symbol MEME-BTC
[2021-05-14 22:24:44,137: WARNING/ForkPoolWorker-7] === Fetching OHLCVs for symbol MER-BTC
[2021-05-14 22:24:44,137: WARNING/ForkPoolWorker-7] === Fetching OHLCVs for symbol META-BTC
[2021-05-14 22:24:44,137: WARNING/ForkPoolWorker-7] === Fetching OHLCVs for symbol MET-BTC
[2021-05-14 22:24:44,138: WARNING/ForkPoolWorker-7] === Fetching OHLCVs for symbol MET-ETH
[2021-05-14 22:24:44,138: WARNING/ForkPoolWorker-7] === Fetching OHLCVs for symbol MFA-BTC
[2021-05-14 22:24:44,138: WARNING/ForkPoolWorker-7] === Fetching OHLCVs for symbol MFA-USDT
[2021-05-14 22:24:44,138: WARNING/ForkPoolWorker-7] === Fetching OHLCVs for symbol MFT-BTC
[2021-05-14 22:24:44,138: WARNING/ForkPoolWorker-7] === Fetching OHLCVs for symbol MKR-BTC
[2021-05-14 22:24:44,138: WARNING/ForkPoolWorker-7] === Fetching OHLCVs for symbol MKR-ETH
[2021-05-14 22:24:44,138: WARNING/ForkPoolWorker-7] === Fetching OHLCVs for symbol MKR-USDT
[2021-05-14 22:24:44,138: WARNING/ForkPoolWorker-7] === Fetching OHLCVs for symbol MMAON-USDT
[2021-05-14 22:24:44,139: WARNING/ForkPoolWorker-7] === Fetching OHLCVs for symbol MOC-BTC
[2021-05-14 22:24:44,139: WARNING/ForkPoolWorker-7] === Fetching OHLCVs for symbol MOF-BTC
[2021-05-14 22:24:44,139: WARNING/ForkPoolWorker-7] === Fetching OHLCVs for symbol MOF-USDT
[2021-05-14 22:24:44,139: WARNING/ForkPoolWorker-7] === Fetching OHLCVs for symbol MOGX-USDT
[2021-05-14 22:24:44,139: WARNING/ForkPoolWorker-7] === Fetching OHLCVs for symbol MONA-BTC
[2021-05-14 22:24:44,139: WARNING/ForkPoolWorker-7] === Fetching OHLCVs for symbol MONA-USDT
[2021-05-14 22:24:44,139: WARNING/ForkPoolWorker-7] === Fetching OHLCVs for symbol MORE-BTC
[2021-05-14 22:24:44,140: WARNING/ForkPoolWorker-7] === Fetching OHLCVs for symbol MRNA-BTC
[2021-05-14 22:24:44,140: WARNING/ForkPoolWorker-7] === Fetching OHLCVs for symbol MRNA-USD
[2021-05-14 22:24:44,140: WARNING/ForkPoolWorker-7] === Fetching OHLCVs for symbol MRNA-USDT
[2021-05-14 22:24:44,140: WARNING/ForkPoolWorker-7] === Fetching OHLCVs for symbol MRPH-BTC
[2021-05-14 22:24:44,140: WARNING/ForkPoolWorker-7] === Fetching OHLCVs for symbol MRPH-ETH
[2021-05-14 22:24:44,140: WARNING/ForkPoolWorker-7] === Fetching OHLCVs for symbol MRPH-USDT
[2021-05-14 22:24:44,140: WARNING/ForkPoolWorker-7] === Fetching OHLCVs for symbol MSTR-BTC
[2021-05-14 22:24:44,140: WARNING/ForkPoolWorker-7] === Fetching OHLCVs for symbol MSTR-USD
[2021-05-14 22:24:44,141: WARNING/ForkPoolWorker-7] === Fetching OHLCVs for symbol MSTR-USDT
[2021-05-14 22:24:44,141: WARNING/ForkPoolWorker-7] === Fetching OHLCVs for symbol MTC-BTC
[2021-05-14 22:24:44,141: WARNING/ForkPoolWorker-7] === Fetching OHLCVs for symbol MTL-BTC
[2021-05-14 22:24:44,141: WARNING/ForkPoolWorker-7] === Fetching OHLCVs for symbol MUE-BTC
[2021-05-14 22:24:44,141: WARNING/ForkPoolWorker-7] === Fetching OHLCVs for symbol MYID-USDT
[2021-05-14 22:24:44,141: WARNING/ForkPoolWorker-7] === Fetching OHLCVs for symbol MYST-BTC
[2021-05-14 22:24:44,141: WARNING/ForkPoolWorker-7] === Fetching OHLCVs for symbol MYST-USDT
[2021-05-14 22:24:44,141: WARNING/ForkPoolWorker-7] === Fetching OHLCVs for symbol NAV-BTC
[2021-05-14 22:24:44,141: WARNING/ForkPoolWorker-7] === Fetching OHLCVs for symbol NDAU-USDT
[2021-05-14 22:24:44,142: WARNING/ForkPoolWorker-7] === Fetching OHLCVs for symbol NEO-BTC
[2021-05-14 22:24:44,142: WARNING/ForkPoolWorker-7] === Fetching OHLCVs for symbol NEO-ETH
[2021-05-14 22:24:44,142: WARNING/ForkPoolWorker-7] === Fetching OHLCVs for symbol NEO-USDT
[2021-05-14 22:24:44,142: WARNING/ForkPoolWorker-7] === Fetching OHLCVs for symbol NFLX-BTC
[2021-05-14 22:24:44,142: WARNING/ForkPoolWorker-7] === Fetching OHLCVs for symbol NFLX-USD
[2021-05-14 22:24:44,142: WARNING/ForkPoolWorker-7] === Fetching OHLCVs for symbol NFLX-USDT
[2021-05-14 22:24:44,142: WARNING/ForkPoolWorker-7] === Fetching OHLCVs for symbol NFTX-BTC
[2021-05-14 22:24:44,142: WARNING/ForkPoolWorker-7] === Fetching OHLCVs for symbol NFTX-ETH
[2021-05-14 22:24:44,142: WARNING/ForkPoolWorker-7] === Fetching OHLCVs for symbol NFTX-USDT
[2021-05-14 22:24:44,142: WARNING/ForkPoolWorker-7] === Fetching OHLCVs for symbol NGC-BTC
[2021-05-14 22:24:44,142: WARNING/ForkPoolWorker-7] === Fetching OHLCVs for symbol NIO-BTC
[2021-05-14 22:24:44,142: WARNING/ForkPoolWorker-7] === Fetching OHLCVs for symbol NIO-USD
[2021-05-14 22:24:44,142: WARNING/ForkPoolWorker-7] === Fetching OHLCVs for symbol NIO-USDT
[2021-05-14 22:24:44,142: WARNING/ForkPoolWorker-7] === Fetching OHLCVs for symbol NKN-BTC
[2021-05-14 22:24:44,143: WARNING/ForkPoolWorker-7] === Fetching OHLCVs for symbol NLG-BTC
[2021-05-14 22:24:44,143: WARNING/ForkPoolWorker-7] === Fetching OHLCVs for symbol NMR-BTC
[2021-05-14 22:24:44,143: WARNING/ForkPoolWorker-7] === Fetching OHLCVs for symbol NMR-ETH
[2021-05-14 22:24:44,143: WARNING/ForkPoolWorker-7] === Fetching OHLCVs for symbol NMR-USDT
[2021-05-14 22:24:44,143: WARNING/ForkPoolWorker-7] === Fetching OHLCVs for symbol NOK-BTC
[2021-05-14 22:24:44,143: WARNING/ForkPoolWorker-7] === Fetching OHLCVs for symbol NOK-USD
[2021-05-14 22:24:44,143: WARNING/ForkPoolWorker-7] === Fetching OHLCVs for symbol NOK-USDT
[2021-05-14 22:24:44,143: WARNING/ForkPoolWorker-7] === Fetching OHLCVs for symbol NPXS-BTC
[2021-05-14 22:24:44,143: WARNING/ForkPoolWorker-7] === Fetching OHLCVs for symbol NPXS-ETH
[2021-05-14 22:24:44,143: WARNING/ForkPoolWorker-7] === Fetching OHLCVs for symbol NPXS-USDT
[2021-05-14 22:24:44,143: WARNING/ForkPoolWorker-7] === Fetching OHLCVs for symbol NVDA-BTC
[2021-05-14 22:24:44,143: WARNING/ForkPoolWorker-7] === Fetching OHLCVs for symbol NVDA-USD
[2021-05-14 22:24:44,143: WARNING/ForkPoolWorker-7] === Fetching OHLCVs for symbol NVDA-USDT
[2021-05-14 22:24:44,143: WARNING/ForkPoolWorker-7] === Fetching OHLCVs for symbol NVT-BTC
[2021-05-14 22:24:44,143: WARNING/ForkPoolWorker-7] === Fetching OHLCVs for symbol NVT-USDT
[2021-05-14 22:24:44,144: WARNING/ForkPoolWorker-7] === Fetching OHLCVs for symbol NXS-BTC
[2021-05-14 22:24:44,144: WARNING/ForkPoolWorker-7] === Fetching OHLCVs for symbol NXT-BTC
[2021-05-14 22:24:44,144: WARNING/ForkPoolWorker-7] === Fetching OHLCVs for symbol OCEAN-BTC
[2021-05-14 22:24:44,144: WARNING/ForkPoolWorker-7] === Fetching OHLCVs for symbol OCEAN-USDT
[2021-05-14 22:24:44,144: WARNING/ForkPoolWorker-7] === Fetching OHLCVs for symbol OGN-BTC
[2021-05-14 22:24:44,144: WARNING/ForkPoolWorker-7] === Fetching OHLCVs for symbol OGN-ETH
[2021-05-14 22:24:44,144: WARNING/ForkPoolWorker-7] === Fetching OHLCVs for symbol OGT-BTC
[2021-05-14 22:24:44,144: WARNING/ForkPoolWorker-7] === Fetching OHLCVs for symbol OGT-USDT
[2021-05-14 22:24:44,144: WARNING/ForkPoolWorker-7] === Fetching OHLCVs for symbol OK-BTC
[2021-05-14 22:24:44,144: WARNING/ForkPoolWorker-7] === Fetching OHLCVs for symbol OMG-BTC
[2021-05-14 22:24:44,144: WARNING/ForkPoolWorker-7] === Fetching OHLCVs for symbol OMG-ETH
[2021-05-14 22:24:44,145: WARNING/ForkPoolWorker-7] === Fetching OHLCVs for symbol OMG-USD
[2021-05-14 22:24:44,145: WARNING/ForkPoolWorker-7] === Fetching OHLCVs for symbol OMG-USDT
[2021-05-14 22:24:44,145: WARNING/ForkPoolWorker-7] === Fetching OHLCVs for symbol ONG-BTC
[2021-05-14 22:24:44,145: WARNING/ForkPoolWorker-7] === Fetching OHLCVs for symbol ONT-BTC
[2021-05-14 22:24:44,145: WARNING/ForkPoolWorker-7] === Fetching OHLCVs for symbol ONT-USDT
[2021-05-14 22:24:44,145: WARNING/ForkPoolWorker-7] === Fetching OHLCVs for symbol ORBS-BTC
[2021-05-14 22:24:44,145: WARNING/ForkPoolWorker-7] === Fetching OHLCVs for symbol OXEN-BTC
[2021-05-14 22:24:44,145: WARNING/ForkPoolWorker-7] === Fetching OHLCVs for symbol OXEN-USDT
[2021-05-14 22:24:44,145: WARNING/ForkPoolWorker-7] === Fetching OHLCVs for symbol OXT-BTC
[2021-05-14 22:24:44,145: WARNING/ForkPoolWorker-7] === Fetching OHLCVs for symbol OXT-USDT
[2021-05-14 22:24:44,145: WARNING/ForkPoolWorker-7] === Fetching OHLCVs for symbol PANDO-USDT
[2021-05-14 22:24:44,145: WARNING/ForkPoolWorker-7] === Fetching OHLCVs for symbol PART-BTC
[2021-05-14 22:24:44,145: WARNING/ForkPoolWorker-7] === Fetching OHLCVs for symbol PAX-BTC
[2021-05-14 22:24:44,146: WARNING/ForkPoolWorker-7] === Fetching OHLCVs for symbol PAX-USD
[2021-05-14 22:24:44,146: WARNING/ForkPoolWorker-7] === Fetching OHLCVs for symbol PAY-BTC
[2021-05-14 22:24:44,146: WARNING/ForkPoolWorker-7] === Fetching OHLCVs for symbol PAY-ETH
[2021-05-14 22:24:44,146: WARNING/ForkPoolWorker-7] === Fetching OHLCVs for symbol PENN-BTC
[2021-05-14 22:24:44,146: WARNING/ForkPoolWorker-7] === Fetching OHLCVs for symbol PENN-USD
[2021-05-14 22:24:44,146: WARNING/ForkPoolWorker-7] === Fetching OHLCVs for symbol PENN-USDT
[2021-05-14 22:24:44,146: WARNING/ForkPoolWorker-7] === Fetching OHLCVs for symbol PFE-BTC
[2021-05-14 22:24:44,146: WARNING/ForkPoolWorker-7] === Fetching OHLCVs for symbol PFE-USD
[2021-05-14 22:24:44,147: WARNING/ForkPoolWorker-7] === Fetching OHLCVs for symbol PFE-USDT
[2021-05-14 22:24:44,147: WARNING/ForkPoolWorker-7] === Fetching OHLCVs for symbol PHNX-BTC
[2021-05-14 22:24:44,147: WARNING/ForkPoolWorker-7] === Fetching OHLCVs for symbol PHNX-USDT
[2021-05-14 22:24:44,147: WARNING/ForkPoolWorker-7] === Fetching OHLCVs for symbol PI-BTC
[2021-05-14 22:24:44,147: WARNING/ForkPoolWorker-7] === Fetching OHLCVs for symbol PINK-BTC
[2021-05-14 22:24:44,147: WARNING/ForkPoolWorker-7] === Fetching OHLCVs for symbol PIST-USDT
[2021-05-14 22:24:44,147: WARNING/ForkPoolWorker-7] === Fetching OHLCVs for symbol PIVX-BTC
[2021-05-14 22:24:44,147: WARNING/ForkPoolWorker-7] === Fetching OHLCVs for symbol PLA-BTC
[2021-05-14 22:24:44,147: WARNING/ForkPoolWorker-7] === Fetching OHLCVs for symbol PMA-BTC
[2021-05-14 22:24:44,147: WARNING/ForkPoolWorker-7] === Fetching OHLCVs for symbol PMA-USDT
[2021-05-14 22:24:44,147: WARNING/ForkPoolWorker-7] === Fetching OHLCVs for symbol POLC-ETH
[2021-05-14 22:24:44,147: WARNING/ForkPoolWorker-7] === Fetching OHLCVs for symbol POLC-USDT
[2021-05-14 22:24:44,148: WARNING/ForkPoolWorker-7] === Fetching OHLCVs for symbol POT-BTC
[2021-05-14 22:24:44,148: WARNING/ForkPoolWorker-7] === Fetching OHLCVs for symbol POWR-BTC
[2021-05-14 22:24:44,148: WARNING/ForkPoolWorker-7] === Fetching OHLCVs for symbol POWR-ETH
[2021-05-14 22:24:44,148: WARNING/ForkPoolWorker-7] === Fetching OHLCVs for symbol PPC-BTC
[2021-05-14 22:24:44,148: WARNING/ForkPoolWorker-7] === Fetching OHLCVs for symbol PROM-BTC
[2021-05-14 22:24:44,148: WARNING/ForkPoolWorker-7] === Fetching OHLCVs for symbol PROS-USDT
[2021-05-14 22:24:44,148: WARNING/ForkPoolWorker-7] === Fetching OHLCVs for symbol PTON-BTC
[2021-05-14 22:24:44,148: WARNING/ForkPoolWorker-7] === Fetching OHLCVs for symbol PTOY-BTC
[2021-05-14 22:24:44,148: WARNING/ForkPoolWorker-7] === Fetching OHLCVs for symbol PXL-BTC
[2021-05-14 22:24:44,148: WARNING/ForkPoolWorker-7] === Fetching OHLCVs for symbol PYPL-BTC
[2021-05-14 22:24:44,148: WARNING/ForkPoolWorker-7] === Fetching OHLCVs for symbol PYPL-USD
[2021-05-14 22:24:44,149: WARNING/ForkPoolWorker-7] === Fetching OHLCVs for symbol PYPL-USDT
[2021-05-14 22:24:44,149: WARNING/ForkPoolWorker-7] === Fetching OHLCVs for symbol QCX-USDT
[2021-05-14 22:24:44,149: WARNING/ForkPoolWorker-7] === Fetching OHLCVs for symbol QLC-BTC
[2021-05-14 22:24:44,149: WARNING/ForkPoolWorker-7] === Fetching OHLCVs for symbol QLC-USDT
[2021-05-14 22:24:44,149: WARNING/ForkPoolWorker-7] === Fetching OHLCVs for symbol QNT-BTC
[2021-05-14 22:24:44,149: WARNING/ForkPoolWorker-7] === Fetching OHLCVs for symbol QRL-BTC
[2021-05-14 22:24:44,149: WARNING/ForkPoolWorker-7] === Fetching OHLCVs for symbol QTUM-BTC
[2021-05-14 22:24:44,149: WARNING/ForkPoolWorker-7] === Fetching OHLCVs for symbol QTUM-ETH
[2021-05-14 22:24:44,149: WARNING/ForkPoolWorker-7] === Fetching OHLCVs for symbol QTUM-USDT
[2021-05-14 22:24:44,149: WARNING/ForkPoolWorker-7] === Fetching OHLCVs for symbol RCN-BTC
[2021-05-14 22:24:44,150: WARNING/ForkPoolWorker-7] === Fetching OHLCVs for symbol RDD-BTC
[2021-05-14 22:24:44,150: WARNING/ForkPoolWorker-7] === Fetching OHLCVs for symbol RDD-USDT
[2021-05-14 22:24:44,150: WARNING/ForkPoolWorker-7] === Fetching OHLCVs for symbol REN-BTC
[2021-05-14 22:24:44,150: WARNING/ForkPoolWorker-7] === Fetching OHLCVs for symbol RENBTC-BTC
[2021-05-14 22:24:44,150: WARNING/ForkPoolWorker-7] === Fetching OHLCVs for symbol RENBTC-ETH
[2021-05-14 22:24:44,150: WARNING/ForkPoolWorker-7] === Fetching OHLCVs for symbol RENBTC-EUR
[2021-05-14 22:24:44,150: WARNING/ForkPoolWorker-7] === Fetching OHLCVs for symbol RENBTC-USD
[2021-05-14 22:24:44,150: WARNING/ForkPoolWorker-7] === Fetching OHLCVs for symbol RENBTC-USDT
[2021-05-14 22:24:44,150: WARNING/ForkPoolWorker-7] === Fetching OHLCVs for symbol REN-ETH
[2021-05-14 22:24:44,150: WARNING/ForkPoolWorker-7] === Fetching OHLCVs for symbol REN-EUR
[2021-05-14 22:24:44,150: WARNING/ForkPoolWorker-7] === Fetching OHLCVs for symbol REN-USD
[2021-05-14 22:24:44,150: WARNING/ForkPoolWorker-7] === Fetching OHLCVs for symbol REN-USDT
[2021-05-14 22:24:44,151: WARNING/ForkPoolWorker-7] === Fetching OHLCVs for symbol REPV2-BTC
[2021-05-14 22:24:44,151: WARNING/ForkPoolWorker-7] === Fetching OHLCVs for symbol REPV2-ETH
[2021-05-14 22:24:44,151: WARNING/ForkPoolWorker-7] === Fetching OHLCVs for symbol REV-BTC
[2021-05-14 22:24:44,151: WARNING/ForkPoolWorker-7] === Fetching OHLCVs for symbol REV-USDT
[2021-05-14 22:24:44,151: WARNING/ForkPoolWorker-7] === Fetching OHLCVs for symbol REVV-BTC
[2021-05-14 22:24:44,151: WARNING/ForkPoolWorker-7] === Fetching OHLCVs for symbol REVV-USDT
[2021-05-14 22:24:44,151: WARNING/ForkPoolWorker-7] === Fetching OHLCVs for symbol RFOX-BTC
[2021-05-14 22:24:44,151: WARNING/ForkPoolWorker-7] === Fetching OHLCVs for symbol RFOX-USDT
[2021-05-14 22:24:44,151: WARNING/ForkPoolWorker-7] === Fetching OHLCVs for symbol RGT-BTC
[2021-05-14 22:24:44,151: WARNING/ForkPoolWorker-7] === Fetching OHLCVs for symbol RGT-ETH
[2021-05-14 22:24:44,151: WARNING/ForkPoolWorker-7] === Fetching OHLCVs for symbol RGT-USDT
[2021-05-14 22:24:44,152: WARNING/ForkPoolWorker-7] === Fetching OHLCVs for symbol RLC-BTC
[2021-05-14 22:24:44,152: WARNING/ForkPoolWorker-7] === Fetching OHLCVs for symbol ROOM-BTC
[2021-05-14 22:24:44,152: WARNING/ForkPoolWorker-7] === Fetching OHLCVs for symbol ROOM-USDT
[2021-05-14 22:24:44,152: WARNING/ForkPoolWorker-7] === Fetching OHLCVs for symbol RSR-BTC
[2021-05-14 22:24:44,152: WARNING/ForkPoolWorker-7] === Fetching OHLCVs for symbol RSR-USDT
[2021-05-14 22:24:44,152: WARNING/ForkPoolWorker-7] === Fetching OHLCVs for symbol RSV-USD
[2021-05-14 22:24:44,152: WARNING/ForkPoolWorker-7] === Fetching OHLCVs for symbol RSV-USDT
[2021-05-14 22:24:44,152: WARNING/ForkPoolWorker-7] === Fetching OHLCVs for symbol RVC-BTC
[2021-05-14 22:24:44,153: WARNING/ForkPoolWorker-7] === Fetching OHLCVs for symbol RVC-USDT
[2021-05-14 22:24:44,153: WARNING/ForkPoolWorker-7] === Fetching OHLCVs for symbol RVN-BTC
[2021-05-14 22:24:44,153: WARNING/ForkPoolWorker-7] === Fetching OHLCVs for symbol RVN-USD
[2021-05-14 22:24:44,153: WARNING/ForkPoolWorker-7] === Fetching OHLCVs for symbol RVN-USDT
[2021-05-14 22:24:44,153: WARNING/ForkPoolWorker-7] === Fetching OHLCVs for symbol SAND-USDT
[2021-05-14 22:24:44,153: WARNING/ForkPoolWorker-7] === Fetching OHLCVs for symbol SBD-BTC
[2021-05-14 22:24:44,153: WARNING/ForkPoolWorker-7] === Fetching OHLCVs for symbol SBT-USDT
[2021-05-14 22:24:44,153: WARNING/ForkPoolWorker-7] === Fetching OHLCVs for symbol SC-BTC
[2021-05-14 22:24:44,153: WARNING/ForkPoolWorker-7] === Fetching OHLCVs for symbol SC-ETH
[2021-05-14 22:24:44,154: WARNING/ForkPoolWorker-7] === Fetching OHLCVs for symbol SC-USD
[2021-05-14 22:24:44,154: WARNING/ForkPoolWorker-7] === Fetching OHLCVs for symbol SC-USDT
[2021-05-14 22:24:44,154: WARNING/ForkPoolWorker-7] === Fetching OHLCVs for symbol SDT-BTC
[2021-05-14 22:24:44,154: WARNING/ForkPoolWorker-7] === Fetching OHLCVs for symbol SDT-USDT
[2021-05-14 22:24:44,154: WARNING/ForkPoolWorker-7] === Fetching OHLCVs for symbol SENSO-BTC
[2021-05-14 22:24:44,154: WARNING/ForkPoolWorker-7] === Fetching OHLCVs for symbol SENSO-ETH
[2021-05-14 22:24:44,154: WARNING/ForkPoolWorker-7] === Fetching OHLCVs for symbol SG-USDT
[2021-05-14 22:24:44,154: WARNING/ForkPoolWorker-7] === Fetching OHLCVs for symbol SHR-BTC
[2021-05-14 22:24:44,154: WARNING/ForkPoolWorker-7] === Fetching OHLCVs for symbol SHR-USDT
[2021-05-14 22:24:44,154: WARNING/ForkPoolWorker-7] === Fetching OHLCVs for symbol SIB-BTC
[2021-05-14 22:24:44,154: WARNING/ForkPoolWorker-7] === Fetching OHLCVs for symbol SIG-BTC
[2021-05-14 22:24:44,154: WARNING/ForkPoolWorker-7] === Fetching OHLCVs for symbol SIG-ETH
[2021-05-14 22:24:44,154: WARNING/ForkPoolWorker-7] === Fetching OHLCVs for symbol SIG-USDT
[2021-05-14 22:24:44,155: WARNING/ForkPoolWorker-7] === Fetching OHLCVs for symbol SIX-BTC
[2021-05-14 22:24:44,155: WARNING/ForkPoolWorker-7] === Fetching OHLCVs for symbol SKM-BTC
[2021-05-14 22:24:44,155: WARNING/ForkPoolWorker-7] === Fetching OHLCVs for symbol SKM-USDT
[2021-05-14 22:24:44,155: WARNING/ForkPoolWorker-7] === Fetching OHLCVs for symbol SLICE-BTC
[2021-05-14 22:24:44,155: WARNING/ForkPoolWorker-7] === Fetching OHLCVs for symbol SLICE-USDT
[2021-05-14 22:24:44,155: WARNING/ForkPoolWorker-7] === Fetching OHLCVs for symbol SLS-BTC
[2021-05-14 22:24:44,155: WARNING/ForkPoolWorker-7] === Fetching OHLCVs for symbol SLV-BTC
[2021-05-14 22:24:44,155: WARNING/ForkPoolWorker-7] === Fetching OHLCVs for symbol SLV-USD
[2021-05-14 22:24:44,155: WARNING/ForkPoolWorker-7] === Fetching OHLCVs for symbol SLV-USDT
[2021-05-14 22:24:44,155: WARNING/ForkPoolWorker-7] === Fetching OHLCVs for symbol SMARTCREDIT-USDT
[2021-05-14 22:24:44,155: WARNING/ForkPoolWorker-7] === Fetching OHLCVs for symbol SMBSWAP-BTC
[2021-05-14 22:24:44,155: WARNING/ForkPoolWorker-7] === Fetching OHLCVs for symbol SMBSWAP-ETH
[2021-05-14 22:24:44,155: WARNING/ForkPoolWorker-7] === Fetching OHLCVs for symbol SMBSWAP-USDT
[2021-05-14 22:24:44,155: WARNING/ForkPoolWorker-7] === Fetching OHLCVs for symbol SNT-BTC
[2021-05-14 22:24:44,156: WARNING/ForkPoolWorker-7] === Fetching OHLCVs for symbol SNT-ETH
[2021-05-14 22:24:44,156: WARNING/ForkPoolWorker-7] === Fetching OHLCVs for symbol SNX-BTC
[2021-05-14 22:24:44,156: WARNING/ForkPoolWorker-7] === Fetching OHLCVs for symbol SNX-ETH
[2021-05-14 22:24:44,156: WARNING/ForkPoolWorker-7] === Fetching OHLCVs for symbol SNX-USDT
[2021-05-14 22:24:44,156: WARNING/ForkPoolWorker-7] === Fetching OHLCVs for symbol SOLVE-BTC
[2021-05-14 22:24:44,156: WARNING/ForkPoolWorker-7] === Fetching OHLCVs for symbol SOLVE-ETH
[2021-05-14 22:24:44,156: WARNING/ForkPoolWorker-7] === Fetching OHLCVs for symbol SOLVE-USD
[2021-05-14 22:24:44,156: WARNING/ForkPoolWorker-7] === Fetching OHLCVs for symbol SOLVE-USDT
[2021-05-14 22:24:44,156: WARNING/ForkPoolWorker-7] === Fetching OHLCVs for symbol SPC-BTC
[2021-05-14 22:24:44,156: WARNING/ForkPoolWorker-7] === Fetching OHLCVs for symbol SPHR-BTC
[2021-05-14 22:24:44,156: WARNING/ForkPoolWorker-7] === Fetching OHLCVs for symbol SPI-BTC
[2021-05-14 22:24:44,156: WARNING/ForkPoolWorker-7] === Fetching OHLCVs for symbol SPIN-BTC
[2021-05-14 22:24:44,156: WARNING/ForkPoolWorker-7] === Fetching OHLCVs for symbol SPI-USDT
[2021-05-14 22:24:44,156: WARNING/ForkPoolWorker-7] === Fetching OHLCVs for symbol SPY-BTC
[2021-05-14 22:24:44,156: WARNING/ForkPoolWorker-7] === Fetching OHLCVs for symbol SPY-USD
[2021-05-14 22:24:44,157: WARNING/ForkPoolWorker-7] === Fetching OHLCVs for symbol SPY-USDT
[2021-05-14 22:24:44,157: WARNING/ForkPoolWorker-7] === Fetching OHLCVs for symbol SQ-BTC
[2021-05-14 22:24:44,157: WARNING/ForkPoolWorker-7] === Fetching OHLCVs for symbol SQ-USD
[2021-05-14 22:24:44,157: WARNING/ForkPoolWorker-7] === Fetching OHLCVs for symbol SQ-USDT
[2021-05-14 22:24:44,157: WARNING/ForkPoolWorker-7] === Fetching OHLCVs for symbol SRN-BTC
[2021-05-14 22:24:44,157: WARNING/ForkPoolWorker-7] === Fetching OHLCVs for symbol SRN-ETH
[2021-05-14 22:24:44,157: WARNING/ForkPoolWorker-7] === Fetching OHLCVs for symbol STC-BTC
[2021-05-14 22:24:44,157: WARNING/ForkPoolWorker-7] === Fetching OHLCVs for symbol STEEM-BTC
[2021-05-14 22:24:44,157: WARNING/ForkPoolWorker-7] === Fetching OHLCVs for symbol STEEM-USDT
[2021-05-14 22:24:44,157: WARNING/ForkPoolWorker-7] === Fetching OHLCVs for symbol STMX-BTC
[2021-05-14 22:24:44,157: WARNING/ForkPoolWorker-7] === Fetching OHLCVs for symbol STMX-ETH
[2021-05-14 22:24:44,157: WARNING/ForkPoolWorker-7] === Fetching OHLCVs for symbol STORJ-BTC
[2021-05-14 22:24:44,157: WARNING/ForkPoolWorker-7] === Fetching OHLCVs for symbol STPT-BTC
[2021-05-14 22:24:44,157: WARNING/ForkPoolWorker-7] === Fetching OHLCVs for symbol STRAX-BTC
[2021-05-14 22:24:44,158: WARNING/ForkPoolWorker-7] === Fetching OHLCVs for symbol STRAX-ETH
[2021-05-14 22:24:44,158: WARNING/ForkPoolWorker-7] === Fetching OHLCVs for symbol STRK-BTC
[2021-05-14 22:24:44,158: WARNING/ForkPoolWorker-7] === Fetching OHLCVs for symbol STRK-USDT
[2021-05-14 22:24:44,158: WARNING/ForkPoolWorker-7] === Fetching OHLCVs for symbol SUKU-BTC
[2021-05-14 22:24:44,158: WARNING/ForkPoolWorker-7] === Fetching OHLCVs for symbol SUKU-USDT
[2021-05-14 22:24:44,158: WARNING/ForkPoolWorker-7] === Fetching OHLCVs for symbol SUTER-BTC
[2021-05-14 22:24:44,158: WARNING/ForkPoolWorker-7] === Fetching OHLCVs for symbol SUTER-USDT
[2021-05-14 22:24:44,158: WARNING/ForkPoolWorker-7] === Fetching OHLCVs for symbol SXP-BTC
[2021-05-14 22:24:44,158: WARNING/ForkPoolWorker-7] === Fetching OHLCVs for symbol SYLO-USDT
[2021-05-14 22:24:44,158: WARNING/ForkPoolWorker-7] === Fetching OHLCVs for symbol SYS-BTC
[2021-05-14 22:24:44,158: WARNING/ForkPoolWorker-7] === Fetching OHLCVs for symbol TEA-BTC
[2021-05-14 22:24:44,158: WARNING/ForkPoolWorker-7] === Fetching OHLCVs for symbol TEA-USDT
[2021-05-14 22:24:44,158: WARNING/ForkPoolWorker-7] === Fetching OHLCVs for symbol TEMCO-BTC
[2021-05-14 22:24:44,158: WARNING/ForkPoolWorker-7] === Fetching OHLCVs for symbol TFC-BTC
[2021-05-14 22:24:44,158: WARNING/ForkPoolWorker-7] === Fetching OHLCVs for symbol TFC-USDT
[2021-05-14 22:24:44,159: WARNING/ForkPoolWorker-7] === Fetching OHLCVs for symbol THC-BTC
[2021-05-14 22:24:44,159: WARNING/ForkPoolWorker-7] === Fetching OHLCVs for symbol TNC-BTC
[2021-05-14 22:24:44,159: WARNING/ForkPoolWorker-7] === Fetching OHLCVs for symbol TRAC-BTC
[2021-05-14 22:24:44,159: WARNING/ForkPoolWorker-7] === Fetching OHLCVs for symbol TRAC-ETH
[2021-05-14 22:24:44,159: WARNING/ForkPoolWorker-7] === Fetching OHLCVs for symbol TRAC-USDT
[2021-05-14 22:24:44,159: WARNING/ForkPoolWorker-7] === Fetching OHLCVs for symbol TRX-BTC
[2021-05-14 22:24:44,159: WARNING/ForkPoolWorker-7] === Fetching OHLCVs for symbol TRX-ETH
[2021-05-14 22:24:44,159: WARNING/ForkPoolWorker-7] === Fetching OHLCVs for symbol TRX-EUR
[2021-05-14 22:24:44,159: WARNING/ForkPoolWorker-7] === Fetching OHLCVs for symbol TRX-USD
[2021-05-14 22:24:44,159: WARNING/ForkPoolWorker-7] === Fetching OHLCVs for symbol TRX-USDT
[2021-05-14 22:24:44,159: WARNING/ForkPoolWorker-7] === Fetching OHLCVs for symbol TRYB-BTC
[2021-05-14 22:24:44,159: WARNING/ForkPoolWorker-7] === Fetching OHLCVs for symbol TRYB-USDT
[2021-05-14 22:24:44,159: WARNING/ForkPoolWorker-7] === Fetching OHLCVs for symbol TSHP-BTC
[2021-05-14 22:24:44,159: WARNING/ForkPoolWorker-7] === Fetching OHLCVs for symbol TSLA-BTC
[2021-05-14 22:24:44,160: WARNING/ForkPoolWorker-7] === Fetching OHLCVs for symbol TSLA-USD
[2021-05-14 22:24:44,160: WARNING/ForkPoolWorker-7] === Fetching OHLCVs for symbol TSLA-USDT
[2021-05-14 22:24:44,160: WARNING/ForkPoolWorker-7] === Fetching OHLCVs for symbol TSM-BTC
[2021-05-14 22:24:44,160: WARNING/ForkPoolWorker-7] === Fetching OHLCVs for symbol TSM-USD
[2021-05-14 22:24:44,160: WARNING/ForkPoolWorker-7] === Fetching OHLCVs for symbol TSM-USDT
[2021-05-14 22:24:44,160: WARNING/ForkPoolWorker-7] === Fetching OHLCVs for symbol TUBE-BTC
[2021-05-14 22:24:44,160: WARNING/ForkPoolWorker-7] === Fetching OHLCVs for symbol TUDA-BTC
[2021-05-14 22:24:44,160: WARNING/ForkPoolWorker-7] === Fetching OHLCVs for symbol TUSD-BTC
[2021-05-14 22:24:44,160: WARNING/ForkPoolWorker-7] === Fetching OHLCVs for symbol TUSD-ETH
[2021-05-14 22:24:44,160: WARNING/ForkPoolWorker-7] === Fetching OHLCVs for symbol TUSD-USD
[2021-05-14 22:24:44,160: WARNING/ForkPoolWorker-7] === Fetching OHLCVs for symbol TUSD-USDT
[2021-05-14 22:24:44,160: WARNING/ForkPoolWorker-7] === Fetching OHLCVs for symbol TWTR-BTC
[2021-05-14 22:24:44,160: WARNING/ForkPoolWorker-7] === Fetching OHLCVs for symbol TWTR-USD
[2021-05-14 22:24:44,161: WARNING/ForkPoolWorker-7] === Fetching OHLCVs for symbol TWTR-USDT
[2021-05-14 22:24:44,161: WARNING/ForkPoolWorker-7] === Fetching OHLCVs for symbol UBER-BTC
[2021-05-14 22:24:44,161: WARNING/ForkPoolWorker-7] === Fetching OHLCVs for symbol UBER-USD
[2021-05-14 22:24:44,161: WARNING/ForkPoolWorker-7] === Fetching OHLCVs for symbol UBER-USDT
[2021-05-14 22:24:44,161: WARNING/ForkPoolWorker-7] === Fetching OHLCVs for symbol UBQ-BTC
[2021-05-14 22:24:44,161: WARNING/ForkPoolWorker-7] === Fetching OHLCVs for symbol UBQ-USDT
[2021-05-14 22:24:44,161: WARNING/ForkPoolWorker-7] === Fetching OHLCVs for symbol UBT-BTC
[2021-05-14 22:24:44,161: WARNING/ForkPoolWorker-7] === Fetching OHLCVs for symbol UBT-ETH
[2021-05-14 22:24:44,161: WARNING/ForkPoolWorker-7] === Fetching OHLCVs for symbol UBT-EUR
[2021-05-14 22:24:44,161: WARNING/ForkPoolWorker-7] === Fetching OHLCVs for symbol UCT-BTC
[2021-05-14 22:24:44,161: WARNING/ForkPoolWorker-7] === Fetching OHLCVs for symbol UCT-USDT
[2021-05-14 22:24:44,161: WARNING/ForkPoolWorker-7] === Fetching OHLCVs for symbol UMA-BTC
[2021-05-14 22:24:44,161: WARNING/ForkPoolWorker-7] === Fetching OHLCVs for symbol UMA-ETH
[2021-05-14 22:24:44,161: WARNING/ForkPoolWorker-7] === Fetching OHLCVs for symbol UMA-EUR
[2021-05-14 22:24:44,161: WARNING/ForkPoolWorker-7] === Fetching OHLCVs for symbol UMA-USD
[2021-05-14 22:24:44,162: WARNING/ForkPoolWorker-7] === Fetching OHLCVs for symbol UMA-USDT
[2021-05-14 22:24:44,162: WARNING/ForkPoolWorker-7] === Fetching OHLCVs for symbol UNI-BTC
[2021-05-14 22:24:44,162: WARNING/ForkPoolWorker-7] === Fetching OHLCVs for symbol UNI-ETH
[2021-05-14 22:24:44,162: WARNING/ForkPoolWorker-7] === Fetching OHLCVs for symbol UNI-EUR
[2021-05-14 22:24:44,162: WARNING/ForkPoolWorker-7] === Fetching OHLCVs for symbol UNI-USD
[2021-05-14 22:24:44,162: WARNING/ForkPoolWorker-7] === Fetching OHLCVs for symbol UNI-USDT
[2021-05-14 22:24:44,162: WARNING/ForkPoolWorker-7] === Fetching OHLCVs for symbol UPCO2-BTC
[2021-05-14 22:24:44,162: WARNING/ForkPoolWorker-7] === Fetching OHLCVs for symbol UPCO2-USDT
[2021-05-14 22:24:44,162: WARNING/ForkPoolWorker-7] === Fetching OHLCVs for symbol UPEUR-BTC
[2021-05-14 22:24:44,162: WARNING/ForkPoolWorker-7] === Fetching OHLCVs for symbol UPP-BTC
[2021-05-14 22:24:44,162: WARNING/ForkPoolWorker-7] === Fetching OHLCVs for symbol UPT-BTC
[2021-05-14 22:24:44,162: WARNING/ForkPoolWorker-7] === Fetching OHLCVs for symbol UPUSD-BTC
[2021-05-14 22:24:44,162: WARNING/ForkPoolWorker-7] === Fetching OHLCVs for symbol UPUSD-USDT
[2021-05-14 22:24:44,162: WARNING/ForkPoolWorker-7] === Fetching OHLCVs for symbol UPXAU-BTC
[2021-05-14 22:24:44,163: WARNING/ForkPoolWorker-7] === Fetching OHLCVs for symbol UPXAU-USDT
[2021-05-14 22:24:44,163: WARNING/ForkPoolWorker-7] === Fetching OHLCVs for symbol UQC-BTC
[2021-05-14 22:24:44,163: WARNING/ForkPoolWorker-7] === Fetching OHLCVs for symbol UQC-USDT
[2021-05-14 22:24:44,163: WARNING/ForkPoolWorker-7] === Fetching OHLCVs for symbol URAC-BTC
[2021-05-14 22:24:44,163: WARNING/ForkPoolWorker-7] === Fetching OHLCVs for symbol URQA-BTC
[2021-05-14 22:24:44,163: WARNING/ForkPoolWorker-7] === Fetching OHLCVs for symbol URQA-USDT
[2021-05-14 22:24:44,163: WARNING/ForkPoolWorker-7] === Fetching OHLCVs for symbol USDC-BTC
[2021-05-14 22:24:44,164: WARNING/ForkPoolWorker-7] === Fetching OHLCVs for symbol USDC-ETH
[2021-05-14 22:24:44,164: WARNING/ForkPoolWorker-7] === Fetching OHLCVs for symbol USDC-USD
[2021-05-14 22:24:44,164: WARNING/ForkPoolWorker-7] === Fetching OHLCVs for symbol USDC-USDT
[2021-05-14 22:24:44,164: WARNING/ForkPoolWorker-7] === Fetching OHLCVs for symbol USD-EUR
[2021-05-14 22:24:44,164: WARNING/ForkPoolWorker-7] === Fetching OHLCVs for symbol USDN-BTC
[2021-05-14 22:24:44,164: WARNING/ForkPoolWorker-7] === Fetching OHLCVs for symbol USDN-USDT
[2021-05-14 22:24:44,164: WARNING/ForkPoolWorker-7] === Fetching OHLCVs for symbol USDS-BTC
[2021-05-14 22:24:44,164: WARNING/ForkPoolWorker-7] === Fetching OHLCVs for symbol USDS-USD
[2021-05-14 22:24:44,164: WARNING/ForkPoolWorker-7] === Fetching OHLCVs for symbol USDT-EUR
[2021-05-14 22:24:44,164: WARNING/ForkPoolWorker-7] === Fetching OHLCVs for symbol USDT-USD
[2021-05-14 22:24:44,164: WARNING/ForkPoolWorker-7] === Fetching OHLCVs for symbol USO-BTC
[2021-05-14 22:24:44,164: WARNING/ForkPoolWorker-7] === Fetching OHLCVs for symbol USO-USD
[2021-05-14 22:24:44,164: WARNING/ForkPoolWorker-7] === Fetching OHLCVs for symbol USO-USDT
[2021-05-14 22:24:44,164: WARNING/ForkPoolWorker-7] === Fetching OHLCVs for symbol UST-BTC
[2021-05-14 22:24:44,165: WARNING/ForkPoolWorker-7] === Fetching OHLCVs for symbol UST-USDT
[2021-05-14 22:24:44,165: WARNING/ForkPoolWorker-7] === Fetching OHLCVs for symbol UTI-BTC
[2021-05-14 22:24:44,165: WARNING/ForkPoolWorker-7] === Fetching OHLCVs for symbol UTK-BTC
[2021-05-14 22:24:44,165: WARNING/ForkPoolWorker-7] === Fetching OHLCVs for symbol VAL-BTC
[2021-05-14 22:24:44,165: WARNING/ForkPoolWorker-7] === Fetching OHLCVs for symbol VAL-USDT
[2021-05-14 22:24:44,165: WARNING/ForkPoolWorker-7] === Fetching OHLCVs for symbol VANY-BTC
[2021-05-14 22:24:44,165: WARNING/ForkPoolWorker-7] === Fetching OHLCVs for symbol VANY-USDT
[2021-05-14 22:24:44,165: WARNING/ForkPoolWorker-7] === Fetching OHLCVs for symbol VBK-BTC
[2021-05-14 22:24:44,165: WARNING/ForkPoolWorker-7] === Fetching OHLCVs for symbol VDX-BTC
[2021-05-14 22:24:44,165: WARNING/ForkPoolWorker-7] === Fetching OHLCVs for symbol VDX-ETH
[2021-05-14 22:24:44,165: WARNING/ForkPoolWorker-7] === Fetching OHLCVs for symbol VDX-USDT
[2021-05-14 22:24:44,165: WARNING/ForkPoolWorker-7] === Fetching OHLCVs for symbol VEE-BTC
[2021-05-14 22:24:44,165: WARNING/ForkPoolWorker-7] === Fetching OHLCVs for symbol VET-BTC
[2021-05-14 22:24:44,166: WARNING/ForkPoolWorker-7] === Fetching OHLCVs for symbol VET-USDT
[2021-05-14 22:24:44,166: WARNING/ForkPoolWorker-7] === Fetching OHLCVs for symbol VIA-BTC
[2021-05-14 22:24:44,166: WARNING/ForkPoolWorker-7] === Fetching OHLCVs for symbol VIB-BTC
[2021-05-14 22:24:44,166: WARNING/ForkPoolWorker-7] === Fetching OHLCVs for symbol VIB-ETH
[2021-05-14 22:24:44,166: WARNING/ForkPoolWorker-7] === Fetching OHLCVs for symbol VID-BTC
[2021-05-14 22:24:44,166: WARNING/ForkPoolWorker-7] === Fetching OHLCVs for symbol VIL-BTC
[2021-05-14 22:24:44,166: WARNING/ForkPoolWorker-7] === Fetching OHLCVs for symbol VITE-BTC
[2021-05-14 22:24:44,166: WARNING/ForkPoolWorker-7] === Fetching OHLCVs for symbol VLX-BTC
[2021-05-14 22:24:44,166: WARNING/ForkPoolWorker-7] === Fetching OHLCVs for symbol VLX-USDT
[2021-05-14 22:24:44,166: WARNING/ForkPoolWorker-7] === Fetching OHLCVs for symbol VRA-BTC
[2021-05-14 22:24:44,166: WARNING/ForkPoolWorker-7] === Fetching OHLCVs for symbol VRA-USDT
[2021-05-14 22:24:44,166: WARNING/ForkPoolWorker-7] === Fetching OHLCVs for symbol VRC-BTC
[2021-05-14 22:24:44,166: WARNING/ForkPoolWorker-7] === Fetching OHLCVs for symbol VTC-BTC
[2021-05-14 22:24:44,166: WARNING/ForkPoolWorker-7] === Fetching OHLCVs for symbol WAVES-BTC
[2021-05-14 22:24:44,167: WARNING/ForkPoolWorker-7] === Fetching OHLCVs for symbol WAVES-ETH
[2021-05-14 22:24:44,167: WARNING/ForkPoolWorker-7] === Fetching OHLCVs for symbol WAVES-USDT
[2021-05-14 22:24:44,167: WARNING/ForkPoolWorker-7] === Fetching OHLCVs for symbol WAXP-BTC
[2021-05-14 22:24:44,167: WARNING/ForkPoolWorker-7] === Fetching OHLCVs for symbol WAXP-ETH
[2021-05-14 22:24:44,167: WARNING/ForkPoolWorker-7] === Fetching OHLCVs for symbol WAXP-USD
[2021-05-14 22:24:44,167: WARNING/ForkPoolWorker-7] === Fetching OHLCVs for symbol WAXP-USDT
[2021-05-14 22:24:44,167: WARNING/ForkPoolWorker-7] === Fetching OHLCVs for symbol WBTC-BTC
[2021-05-14 22:24:44,167: WARNING/ForkPoolWorker-7] === Fetching OHLCVs for symbol WBTC-ETH
[2021-05-14 22:24:44,167: WARNING/ForkPoolWorker-7] === Fetching OHLCVs for symbol WBTC-USDT
[2021-05-14 22:24:44,167: WARNING/ForkPoolWorker-7] === Fetching OHLCVs for symbol WGP-BTC
[2021-05-14 22:24:44,167: WARNING/ForkPoolWorker-7] === Fetching OHLCVs for symbol WICC-BTC
[2021-05-14 22:24:44,167: WARNING/ForkPoolWorker-7] === Fetching OHLCVs for symbol WICC-USDT
[2021-05-14 22:24:44,167: WARNING/ForkPoolWorker-7] === Fetching OHLCVs for symbol WINGS-BTC
[2021-05-14 22:24:44,168: WARNING/ForkPoolWorker-7] === Fetching OHLCVs for symbol WXBTC-BTC
[2021-05-14 22:24:44,168: WARNING/ForkPoolWorker-7] === Fetching OHLCVs for symbol WXBTC-USDT
[2021-05-14 22:24:44,168: WARNING/ForkPoolWorker-7] === Fetching OHLCVs for symbol XDB-BTC
[2021-05-14 22:24:44,168: WARNING/ForkPoolWorker-7] === Fetching OHLCVs for symbol XDB-USDT
[2021-05-14 22:24:44,168: WARNING/ForkPoolWorker-7] === Fetching OHLCVs for symbol XDN-BTC
[2021-05-14 22:24:44,168: WARNING/ForkPoolWorker-7] === Fetching OHLCVs for symbol XDN-USDT
[2021-05-14 22:24:44,168: WARNING/ForkPoolWorker-7] === Fetching OHLCVs for symbol XELS-BTC
[2021-05-14 22:24:44,168: WARNING/ForkPoolWorker-7] === Fetching OHLCVs for symbol XELS-USDT
[2021-05-14 22:24:44,168: WARNING/ForkPoolWorker-7] === Fetching OHLCVs for symbol XEM-BTC
[2021-05-14 22:24:44,168: WARNING/ForkPoolWorker-7] === Fetching OHLCVs for symbol XEM-ETH
[2021-05-14 22:24:44,169: WARNING/ForkPoolWorker-7] === Fetching OHLCVs for symbol XEM-USD
[2021-05-14 22:24:44,169: WARNING/ForkPoolWorker-7] === Fetching OHLCVs for symbol XEM-USDT
[2021-05-14 22:24:44,169: WARNING/ForkPoolWorker-7] === Fetching OHLCVs for symbol XHV-BTC
[2021-05-14 22:24:44,169: WARNING/ForkPoolWorker-7] === Fetching OHLCVs for symbol XLM-BTC
[2021-05-14 22:24:44,169: WARNING/ForkPoolWorker-7] === Fetching OHLCVs for symbol XLM-ETH
[2021-05-14 22:24:44,169: WARNING/ForkPoolWorker-7] === Fetching OHLCVs for symbol XLM-EUR
[2021-05-14 22:24:44,169: WARNING/ForkPoolWorker-7] === Fetching OHLCVs for symbol XLM-USD
[2021-05-14 22:24:44,169: WARNING/ForkPoolWorker-7] === Fetching OHLCVs for symbol XLM-USDT
[2021-05-14 22:24:44,169: WARNING/ForkPoolWorker-7] === Fetching OHLCVs for symbol XMY-BTC
[2021-05-14 22:24:44,169: WARNING/ForkPoolWorker-7] === Fetching OHLCVs for symbol XMY-USDT
[2021-05-14 22:24:44,169: WARNING/ForkPoolWorker-7] === Fetching OHLCVs for symbol XRP-BTC
[2021-05-14 22:24:44,169: WARNING/ForkPoolWorker-7] === Fetching OHLCVs for symbol XRP-ETH
[2021-05-14 22:24:44,170: WARNING/ForkPoolWorker-7] === Fetching OHLCVs for symbol XRP-EUR
[2021-05-14 22:24:44,170: WARNING/ForkPoolWorker-7] === Fetching OHLCVs for symbol XRP-USD
[2021-05-14 22:24:44,170: WARNING/ForkPoolWorker-7] === Fetching OHLCVs for symbol XRP-USDT
[2021-05-14 22:24:44,170: WARNING/ForkPoolWorker-7] === Fetching OHLCVs for symbol XST-BTC
[2021-05-14 22:24:44,170: WARNING/ForkPoolWorker-7] === Fetching OHLCVs for symbol XTP-BTC
[2021-05-14 22:24:44,170: WARNING/ForkPoolWorker-7] === Fetching OHLCVs for symbol XTZ-BTC
[2021-05-14 22:24:44,170: WARNING/ForkPoolWorker-7] === Fetching OHLCVs for symbol XTZ-ETH
[2021-05-14 22:24:44,170: WARNING/ForkPoolWorker-7] === Fetching OHLCVs for symbol XTZ-USD
[2021-05-14 22:24:44,170: WARNING/ForkPoolWorker-7] === Fetching OHLCVs for symbol XTZ-USDT
[2021-05-14 22:24:44,170: WARNING/ForkPoolWorker-7] === Fetching OHLCVs for symbol XUC-BTC
[2021-05-14 22:24:44,170: WARNING/ForkPoolWorker-7] === Fetching OHLCVs for symbol XUC-USDT
[2021-05-14 22:24:44,170: WARNING/ForkPoolWorker-7] === Fetching OHLCVs for symbol XVG-BTC
[2021-05-14 22:24:44,170: WARNING/ForkPoolWorker-7] === Fetching OHLCVs for symbol XVG-USDT
[2021-05-14 22:24:44,171: WARNING/ForkPoolWorker-7] === Fetching OHLCVs for symbol XWC-BTC
[2021-05-14 22:24:44,171: WARNING/ForkPoolWorker-7] === Fetching OHLCVs for symbol XWC-USDT
[2021-05-14 22:24:44,171: WARNING/ForkPoolWorker-7] === Fetching OHLCVs for symbol XYM-BTC
[2021-05-14 22:24:44,171: WARNING/ForkPoolWorker-7] === Fetching OHLCVs for symbol XYM-ETH
[2021-05-14 22:24:44,171: WARNING/ForkPoolWorker-7] === Fetching OHLCVs for symbol XYM-USDT
[2021-05-14 22:24:44,171: WARNING/ForkPoolWorker-7] === Fetching OHLCVs for symbol YFL-BTC
[2021-05-14 22:24:44,171: WARNING/ForkPoolWorker-7] === Fetching OHLCVs for symbol YFL-ETH
[2021-05-14 22:24:44,171: WARNING/ForkPoolWorker-7] === Fetching OHLCVs for symbol YFL-EUR
[2021-05-14 22:24:44,171: WARNING/ForkPoolWorker-7] === Fetching OHLCVs for symbol YFL-USD
[2021-05-14 22:24:44,171: WARNING/ForkPoolWorker-7] === Fetching OHLCVs for symbol YFL-USDT
[2021-05-14 22:24:44,171: WARNING/ForkPoolWorker-7] === Fetching OHLCVs for symbol YOU-BTC
[2021-05-14 22:24:44,171: WARNING/ForkPoolWorker-7] === Fetching OHLCVs for symbol ZEN-BTC
[2021-05-14 22:24:44,171: WARNING/ForkPoolWorker-7] === Fetching OHLCVs for symbol ZEN-USD
[2021-05-14 22:24:44,172: WARNING/ForkPoolWorker-7] === Fetching OHLCVs for symbol ZIL-BTC
[2021-05-14 22:24:44,172: WARNING/ForkPoolWorker-7] === Fetching OHLCVs for symbol ZM-BTC
[2021-05-14 22:24:44,172: WARNING/ForkPoolWorker-7] === Fetching OHLCVs for symbol ZM-USD
[2021-05-14 22:24:44,172: WARNING/ForkPoolWorker-7] === Fetching OHLCVs for symbol ZM-USDT
[2021-05-14 22:24:44,172: WARNING/ForkPoolWorker-7] === Fetching OHLCVs for symbol ZRX-BTC
[2021-05-14 22:24:44,172: WARNING/ForkPoolWorker-7] === Fetching OHLCVs for symbol ZRX-ETH
[2021-05-14 22:24:44,172: WARNING/ForkPoolWorker-7] === Fetching OHLCVs for symbol ZRX-USD
[2021-05-14 22:24:44,172: WARNING/ForkPoolWorker-7] === Fetching OHLCVs for symbol ZRX-USDT
[2021-05-14 22:24:44,172: WARNING/ForkPoolWorker-7] === Fetching OHLCVs for symbol ZUSD-USDT
